[2020-07-31 19:26:52.834] [INFO] pomelo - [32m[E:\zmxy\shangdao\Develop\Program\Trunk\Server\game-server\app\logic\service\baseService.js] [39mserver id [game-server-3] service [game_NotifyService] shutdown with [normal]
[2020-07-31 19:26:52.834] [INFO] pomelo - [32m[E:\zmxy\shangdao\Develop\Program\Trunk\Server\game-server\app\logic\service\serviceManager.js] [39mserver id [game-server-3] service [Event] stop ok, use [0ms].
[2020-07-31 19:26:52.835] [INFO] pomelo - [32m[E:\zmxy\shangdao\Develop\Program\Trunk\Server\game-server\app\logic\service\serviceManager.js] [39mserver id [game-server-3] service [Notify] stop ok, use [1ms].
[2020-07-31 19:26:52.835] [INFO] pomelo - [32m[E:\zmxy\shangdao\Develop\Program\Trunk\Server\game-server\app\logic\service\baseService.js] [39mserver id [game-server-3] service [logic_MongoService] shutdown with [normal]
[2020-07-31 19:26:52.835] [INFO] pomelo - [32m[E:\zmxy\shangdao\Develop\Program\Trunk\Server\game-server\app\logic\service\baseService.js] [39mserver id [game-server-3] service [logic_RedisService] shutdown with [normal]
[2020-07-31 19:26:52.835] [INFO] pomelo - [32m[E:\zmxy\shangdao\Develop\Program\Trunk\Server\game-server\app\logic\service\serviceManager.js] [39mserver id [game-server-3] service [Redis] stop ok, use [0ms].
[2020-07-31 19:26:53.045] [INFO] pomelo - [32m[E:\zmxy\shangdao\Develop\Program\Trunk\Server\game-server\app\logic\service\serviceManager.js] [39mserver id [game-server-3] service [Mongo] stop ok, use [210ms].
[2020-07-31 19:26:53.046] [INFO] pomelo - [32m[E:\zmxy\shangdao\Develop\Program\Trunk\Server\game-server\app\logic\boot\baseStop.js] [39mserver [game] id [game-server-3] shutdown ok.
[2020-07-31 19:27:03.795] [INFO] pomelo - [32m[E:\zmxy\shangdao\Develop\Program\Trunk\Server\game-server\node_modules\pomelo\lib\application.js] [39mapplication inited: "game-server-3"
[2020-07-31 19:27:08.424] [INFO] pomelo - [32m[E:\zmxy\shangdao\Develop\Program\Trunk\Server\game-server\app\logic\boot\bootstrap.js] [39mserver id [game-server-3] type [game] start.
[2020-07-31 19:27:08.426] [INFO] pomelo - [32m[E:\zmxy\shangdao\Develop\Program\Trunk\Server\game-server\app\logic\service\baseService.js] [39mserver id [game-server-3] service [logic_SystemConfigService] start.
[2020-07-31 19:27:08.426] [INFO] pomelo - [32m[E:\zmxy\shangdao\Develop\Program\Trunk\Server\game-server\app\logic\service\serviceManager.js] [39mserver id [game-server-3] service [SystemConfig] start ok, use [1ms].
[2020-07-31 19:27:08.610] [INFO] pomelo - [32m[E:\zmxy\shangdao\Develop\Program\Trunk\Server\game-server\app\logic\service\baseService.js] [39mserver id [game-server-3] service [logic_ConfigService] start.
[2020-07-31 19:27:08.611] [INFO] pomelo - [32m[E:\zmxy\shangdao\Develop\Program\Trunk\Server\game-server\app\logic\service\baseService.js] [39mserver id [game-server-3] service [logic_HelperService] start.
[2020-07-31 19:27:08.612] [INFO] pomelo - [32m[E:\zmxy\shangdao\Develop\Program\Trunk\Server\game-server\app\logic\service\baseService.js] [39mserver id [game-server-3] service [logic_MongoService] start.
[2020-07-31 19:27:08.622] [INFO] pomelo - [32m[E:\zmxy\shangdao\Develop\Program\Trunk\Server\game-server\app\logic\service\baseService.js] [39mserver id [game-server-3] service [logic_RedisService] start.
[2020-07-31 19:27:08.624] [INFO] pomelo - [32m[E:\zmxy\shangdao\Develop\Program\Trunk\Server\game-server\app\logic\redis\redisService.js] [39mserver id game-server-3 connect to redis "127.0.0.1" 6400 success
[2020-07-31 19:27:08.625] [INFO] pomelo - [32m[E:\zmxy\shangdao\Develop\Program\Trunk\Server\game-server\app\logic\service\baseService.js] [39mserver id [game-server-3] service [logic_RedisMyLoginService] start.
[2020-07-31 19:27:08.626] [INFO] pomelo - [32m[E:\zmxy\shangdao\Develop\Program\Trunk\Server\game-server\app\logic\redis\redisMyLoginService.js] [39mserver id game-server-3 connect to redis "127.0.0.1" 6379 success
[2020-07-31 19:27:08.626] [INFO] pomelo - [32m[E:\zmxy\shangdao\Develop\Program\Trunk\Server\game-server\app\logic\service\baseService.js] [39mserver id [game-server-3] service [logic_BriefService] start.
[2020-07-31 19:27:08.626] [INFO] pomelo - [32m[E:\zmxy\shangdao\Develop\Program\Trunk\Server\game-server\app\logic\service\baseService.js] [39mserver id [game-server-3] service [logic_IdService] start.
[2020-07-31 19:27:08.626] [INFO] pomelo - [32m[E:\zmxy\shangdao\Develop\Program\Trunk\Server\game-server\app\logic\service\baseService.js] [39mserver id [game-server-3] service [logic_EventService] start.
[2020-07-31 19:27:08.626] [INFO] pomelo - [32m[E:\zmxy\shangdao\Develop\Program\Trunk\Server\game-server\app\logic\service\baseService.js] [39mserver id [game-server-3] service [game_NotifyService] start.
[2020-07-31 19:27:08.626] [INFO] pomelo - [32m[E:\zmxy\shangdao\Develop\Program\Trunk\Server\game-server\app\logic\service\baseService.js] [39mserver id [game-server-3] service [logic_CrossClientService] start.
[2020-07-31 19:27:08.626] [INFO] pomelo - [32m[E:\zmxy\shangdao\Develop\Program\Trunk\Server\game-server\app\logic\service\baseService.js] [39mserver id [game-server-3] service [game_LogService] start.
[2020-07-31 19:27:08.627] [INFO] pomelo - [32m[E:\zmxy\shangdao\Develop\Program\Trunk\Server\game-server\app\logic\service\baseService.js] [39mserver id [game-server-3] service [game_ItemService] start.
[2020-07-31 19:27:08.627] [INFO] pomelo - [32m[E:\zmxy\shangdao\Develop\Program\Trunk\Server\game-server\app\logic\service\baseService.js] [39mserver id [game-server-3] service [game_MailService] start.
[2020-07-31 19:27:08.627] [INFO] pomelo - [32m[E:\zmxy\shangdao\Develop\Program\Trunk\Server\game-server\app\logic\service\baseService.js] [39mserver id [game-server-3] service [game_LivePlatformService] start.
[2020-07-31 19:27:08.627] [INFO] pomelo - [32m[E:\zmxy\shangdao\Develop\Program\Trunk\Server\game-server\app\logic\service\baseService.js] [39mserver id [game-server-3] service [game_ChatService] start.
[2020-07-31 19:27:08.627] [INFO] pomelo - [32m[E:\zmxy\shangdao\Develop\Program\Trunk\Server\game-server\app\logic\service\baseService.js] [39mserver id [game-server-3] service [game_GmService] start.
[2020-07-31 19:27:08.627] [INFO] pomelo - [32m[E:\zmxy\shangdao\Develop\Program\Trunk\Server\game-server\app\logic\service\baseService.js] [39mserver id [game-server-3] service [game_SettingsService] start.
[2020-07-31 19:27:08.627] [INFO] pomelo - [32m[E:\zmxy\shangdao\Develop\Program\Trunk\Server\game-server\app\logic\service\serviceManager.js] [39mserver id [game-server-3] service [Redis] start ok, use [5ms].
[2020-07-31 19:27:08.627] [INFO] pomelo - [32m[E:\zmxy\shangdao\Develop\Program\Trunk\Server\game-server\app\logic\service\serviceManager.js] [39mserver id [game-server-3] service [RedisMyLogin] start ok, use [2ms].
[2020-07-31 19:27:08.627] [INFO] pomelo - [32m[E:\zmxy\shangdao\Develop\Program\Trunk\Server\game-server\app\logic\service\serviceManager.js] [39mserver id [game-server-3] service [Brief] start ok, use [1ms].
[2020-07-31 19:27:08.627] [INFO] pomelo - [32m[E:\zmxy\shangdao\Develop\Program\Trunk\Server\game-server\app\logic\service\serviceManager.js] [39mserver id [game-server-3] service [Id] start ok, use [1ms].
[2020-07-31 19:27:08.628] [INFO] pomelo - [32m[E:\zmxy\shangdao\Develop\Program\Trunk\Server\game-server\app\logic\service\serviceManager.js] [39mserver id [game-server-3] service [Event] start ok, use [2ms].
[2020-07-31 19:27:08.628] [INFO] pomelo - [32m[E:\zmxy\shangdao\Develop\Program\Trunk\Server\game-server\app\logic\service\serviceManager.js] [39mserver id [game-server-3] service [Notify] start ok, use [2ms].
[2020-07-31 19:27:08.628] [INFO] pomelo - [32m[E:\zmxy\shangdao\Develop\Program\Trunk\Server\game-server\app\logic\service\serviceManager.js] [39mserver id [game-server-3] service [CrossClient] start ok, use [2ms].
[2020-07-31 19:27:08.628] [INFO] pomelo - [32m[E:\zmxy\shangdao\Develop\Program\Trunk\Server\game-server\app\logic\service\serviceManager.js] [39mserver id [game-server-3] service [Log] start ok, use [2ms].
[2020-07-31 19:27:08.628] [INFO] pomelo - [32m[E:\zmxy\shangdao\Develop\Program\Trunk\Server\game-server\app\logic\service\serviceManager.js] [39mserver id [game-server-3] service [Item] start ok, use [1ms].
[2020-07-31 19:27:08.628] [INFO] pomelo - [32m[E:\zmxy\shangdao\Develop\Program\Trunk\Server\game-server\app\logic\service\serviceManager.js] [39mserver id [game-server-3] service [Mail] start ok, use [1ms].
[2020-07-31 19:27:08.628] [INFO] pomelo - [32m[E:\zmxy\shangdao\Develop\Program\Trunk\Server\game-server\app\logic\service\serviceManager.js] [39mserver id [game-server-3] service [LivePfs] start ok, use [1ms].
[2020-07-31 19:27:08.628] [INFO] pomelo - [32m[E:\zmxy\shangdao\Develop\Program\Trunk\Server\game-server\app\logic\service\serviceManager.js] [39mserver id [game-server-3] service [Chat] start ok, use [1ms].
[2020-07-31 19:27:08.628] [INFO] pomelo - [32m[E:\zmxy\shangdao\Develop\Program\Trunk\Server\game-server\app\logic\service\serviceManager.js] [39mserver id [game-server-3] service [Gm] start ok, use [1ms].
[2020-07-31 19:27:08.628] [INFO] pomelo - [32m[E:\zmxy\shangdao\Develop\Program\Trunk\Server\game-server\app\logic\service\serviceManager.js] [39mserver id [game-server-3] service [Settings] start ok, use [1ms].
[2020-07-31 19:27:08.628] [INFO] pomelo - [32m[E:\zmxy\shangdao\Develop\Program\Trunk\Server\game-server\app\logic\service\baseService.js] [39mserver id [game-server-3] service [game_RedisCacheService] start.
[2020-07-31 19:27:08.733] [INFO] pomelo - [32m[E:\zmxy\shangdao\Develop\Program\Trunk\Server\game-server\app\logic\service\serviceManager.js] [39mserver id [game-server-3] service [Helper] start ok, use [122ms].
[2020-07-31 19:27:08.734] [INFO] pomelo - [32m[E:\zmxy\shangdao\Develop\Program\Trunk\Server\game-server\app\logic\service\serviceManager.js] [39mserver id [game-server-3] service [RedisCache] start ok, use [106ms].
[2020-07-31 19:27:08.844] [INFO] pomelo - [32m[E:\zmxy\shangdao\Develop\Program\Trunk\Server\game-server\app\logic\service\serviceManager.js] [39mserver id [game-server-3] service [Config] start ok, use [234ms].
[2020-07-31 19:27:08.844] [INFO] pomelo - [32m[E:\zmxy\shangdao\Develop\Program\Trunk\Server\game-server\app\logic\service\baseService.js] [39mserver id [game-server-3] service [logic_ActivityService] start.
[2020-07-31 19:27:08.844] [INFO] pomelo - [32m[E:\zmxy\shangdao\Develop\Program\Trunk\Server\game-server\app\logic\service\baseService.js] [39mserver id [game-server-3] service [logic_OperateService] start.
[2020-07-31 19:27:08.844] [INFO] pomelo - [32m[E:\zmxy\shangdao\Develop\Program\Trunk\Server\game-server\app\logic\service\serviceManager.js] [39mserver id [game-server-3] service [Activity] start ok, use [0ms].
[2020-07-31 19:27:08.844] [INFO] pomelo - [32m[E:\zmxy\shangdao\Develop\Program\Trunk\Server\game-server\app\logic\service\serviceManager.js] [39mserver id [game-server-3] service [Operate] start ok, use [0ms].
[2020-07-31 19:27:08.844] [INFO] pomelo - [32m[E:\zmxy\shangdao\Develop\Program\Trunk\Server\game-server\app\logic\service\baseService.js] [39mserver id [game-server-3] service [game_ActivityRegisterService] start.
[2020-07-31 19:27:08.846] [INFO] pomelo - [32m[E:\zmxy\shangdao\Develop\Program\Trunk\Server\game-server\app\logic\service\baseService.js] [39mserver id [game-server-3] service [game_OperateRegisterService] start.
[2020-07-31 19:27:08.847] [INFO] pomelo - [32m[E:\zmxy\shangdao\Develop\Program\Trunk\Server\game-server\app\logic\service\serviceManager.js] [39mserver id [game-server-3] service [ActivityRegister] start ok, use [3ms].
[2020-07-31 19:27:08.847] [INFO] pomelo - [32m[E:\zmxy\shangdao\Develop\Program\Trunk\Server\game-server\app\logic\service\serviceManager.js] [39mserver id [game-server-3] service [OperateRegister] start ok, use [1ms].
[2020-07-31 19:27:09.241] [INFO] pomelo - [32m[E:\zmxy\shangdao\Develop\Program\Trunk\Server\game-server\app\logic\mongo\mongoService.js] [39mserver id [game-server-3] connected correctly to mongo server
[2020-07-31 19:27:09.257] [INFO] pomelo - [32m[E:\zmxy\shangdao\Develop\Program\Trunk\Server\game-server\app\logic\service\serviceManager.js] [39mserver id [game-server-3] service [Mongo] start ok, use [645ms].
[2020-07-31 19:27:09.257] [INFO] pomelo - [32m[E:\zmxy\shangdao\Develop\Program\Trunk\Server\game-server\app\logic\service\baseService.js] [39mserver id [game-server-3] service [logic_RankUpdateService] start.
[2020-07-31 19:27:09.257] [INFO] pomelo - [32m[E:\zmxy\shangdao\Develop\Program\Trunk\Server\game-server\app\logic\service\baseService.js] [39mserver id [game-server-3] service [logic_TimerService] start.
[2020-07-31 19:27:09.261] [INFO] pomelo - [32m[E:\zmxy\shangdao\Develop\Program\Trunk\Server\game-server\app\logic\service\serviceManager.js] [39mserver id [game-server-3] service [RankUpdate] start ok, use [4ms].
[2020-07-31 19:27:09.619] [INFO] pomelo - [32m[E:\zmxy\shangdao\Develop\Program\Trunk\Server\game-server\app\logic\service\serviceManager.js] [39mserver id [game-server-3] service [Timer] start ok, use [362ms].
[2020-07-31 19:27:09.619] [INFO] pomelo - [32m[E:\zmxy\shangdao\Develop\Program\Trunk\Server\game-server\app\logic\service\baseService.js] [39mserver id [game-server-3] service [game_PlayerService] start.
[2020-07-31 19:27:09.620] [INFO] pomelo - [32m[E:\zmxy\shangdao\Develop\Program\Trunk\Server\game-server\app\logic\service\serviceManager.js] [39mserver id [game-server-3] service [Player] start ok, use [1ms].
[2020-07-31 19:27:09.620] [INFO] pomelo - [32m[E:\zmxy\shangdao\Develop\Program\Trunk\Server\game-server\app.js] [39mserver id [game-server-3] type [game] start finish.
[2020-07-31 19:27:11.213] [INFO] pomelo - [32m[E:\zmxy\shangdao\Develop\Program\Trunk\Server\game-server\app\logic\boot\baseStop.js] [39mserver [game] id [game-server-3] beforeStartup.
[2020-07-31 19:27:11.477] [INFO] pomelo - [32m[E:\zmxy\shangdao\Develop\Program\Trunk\Server\game-server\node_modules\pomelo\lib\application.js] [39m"game-server-3" enter after start...
[2020-07-31 19:27:11.477] [INFO] pomelo - [32m[E:\zmxy\shangdao\Develop\Program\Trunk\Server\game-server\node_modules\pomelo\lib\application.js] [39m"game-server-3" finish start
[2020-07-31 19:27:11.478] [INFO] pomelo - [32m[E:\zmxy\shangdao\Develop\Program\Trunk\Server\game-server\app\logic\boot\baseStop.js] [39mserver [game] id [game-server-3] afterStartup.
[2020-07-31 19:27:11.624] [INFO] pomelo - [32m[E:\zmxy\shangdao\Develop\Program\Trunk\Server\game-server\node_modules\pomelo\lib\application.js] [39m"game-server-3" startup in 2004 ms
[2020-07-31 19:27:11.625] [INFO] pomelo - [32m[E:\zmxy\shangdao\Develop\Program\Trunk\Server\game-server\app\logic\boot\baseStop.js] [39mserver [game] id [game-server-3] afterStartup ok.
[2020-07-31 19:27:30.363] [INFO] pomelo - [32m[E:\zmxy\shangdao\Develop\Program\Trunk\Server\game-server\app\logic\boot\baseStop.js] [39mserver [game] id [game-server-3] afterStartAll.
[2020-07-31 19:27:30.364] [INFO] pomelo - [32m[E:\zmxy\shangdao\Develop\Program\Trunk\Server\game-server\app\logic\boot\baseStop.js] [39mserver [game] id [game-server-3] afterStartAll ok.
[2020-07-31 19:34:05.503] [INFO] pomelo - [32m[E:\zmxy\shangdao\Develop\Program\Trunk\Server\game-server\app\logic\boot\baseStop.js] [39mserver [game] id [game-server-3] beforeShutdown.
[2020-07-31 19:34:05.504] [INFO] pomelo - [32m[E:\zmxy\shangdao\Develop\Program\Trunk\Server\game-server\app\logic\service\baseService.js] [39mserver id [game-server-3] service [logic_SystemConfigService] shutdown with [normal]
[2020-07-31 19:34:05.505] [INFO] pomelo - [32m[E:\zmxy\shangdao\Develop\Program\Trunk\Server\game-server\app\logic\service\baseService.js] [39mserver id [game-server-3] service [logic_HelperService] shutdown with [normal]
[2020-07-31 19:34:05.505] [INFO] pomelo - [32m[E:\zmxy\shangdao\Develop\Program\Trunk\Server\game-server\app\logic\service\baseService.js] [39mserver id [game-server-3] service [logic_RedisMyLoginService] shutdown with [normal]
[2020-07-31 19:34:05.505] [INFO] pomelo - [32m[E:\zmxy\shangdao\Develop\Program\Trunk\Server\game-server\app\logic\service\baseService.js] [39mserver id [game-server-3] service [logic_BriefService] shutdown with [normal]
[2020-07-31 19:34:05.506] [INFO] pomelo - [32m[E:\zmxy\shangdao\Develop\Program\Trunk\Server\game-server\app\logic\service\baseService.js] [39mserver id [game-server-3] service [logic_IdService] shutdown with [normal]
[2020-07-31 19:34:05.506] [INFO] pomelo - [32m[E:\zmxy\shangdao\Develop\Program\Trunk\Server\game-server\app\logic\service\baseService.js] [39mserver id [game-server-3] service [logic_CrossClientService] shutdown with [normal]
[2020-07-31 19:34:05.506] [INFO] pomelo - [32m[E:\zmxy\shangdao\Develop\Program\Trunk\Server\game-server\app\logic\service\baseService.js] [39mserver id [game-server-3] service [game_RedisCacheService] shutdown with [normal]
[2020-07-31 19:34:05.506] [INFO] pomelo - [32m[E:\zmxy\shangdao\Develop\Program\Trunk\Server\game-server\app\logic\service\baseService.js] [39mserver id [game-server-3] service [game_LogService] shutdown with [normal]
[2020-07-31 19:34:05.506] [INFO] pomelo - [32m[E:\zmxy\shangdao\Develop\Program\Trunk\Server\game-server\app\logic\service\baseService.js] [39mserver id [game-server-3] service [game_PlayerService] shutdown with [normal]
[2020-07-31 19:34:05.506] [INFO] pomelo - [32m[E:\zmxy\shangdao\Develop\Program\Trunk\Server\game-server\app\logic\service\baseService.js] [39mserver id [game-server-3] service [game_ItemService] shutdown with [normal]
[2020-07-31 19:34:05.506] [INFO] pomelo - [32m[E:\zmxy\shangdao\Develop\Program\Trunk\Server\game-server\app\logic\service\baseService.js] [39mserver id [game-server-3] service [game_MailService] shutdown with [normal]
[2020-07-31 19:34:05.507] [INFO] pomelo - [32m[E:\zmxy\shangdao\Develop\Program\Trunk\Server\game-server\app\logic\service\baseService.js] [39mserver id [game-server-3] service [game_LivePlatformService] shutdown with [normal]
[2020-07-31 19:34:05.507] [INFO] pomelo - [32m[E:\zmxy\shangdao\Develop\Program\Trunk\Server\game-server\app\logic\service\baseService.js] [39mserver id [game-server-3] service [game_ChatService] shutdown with [normal]
[2020-07-31 19:34:05.507] [INFO] pomelo - [32m[E:\zmxy\shangdao\Develop\Program\Trunk\Server\game-server\app\logic\service\baseService.js] [39mserver id [game-server-3] service [game_GmService] shutdown with [normal]
[2020-07-31 19:34:05.507] [INFO] pomelo - [32m[E:\zmxy\shangdao\Develop\Program\Trunk\Server\game-server\app\logic\service\baseService.js] [39mserver id [game-server-3] service [game_SettingsService] shutdown with [normal]
[2020-07-31 19:34:05.507] [INFO] pomelo - [32m[E:\zmxy\shangdao\Develop\Program\Trunk\Server\game-server\app\logic\service\baseService.js] [39mserver id [game-server-3] service [logic_RankUpdateService] shutdown with [normal]
[2020-07-31 19:34:05.515] [INFO] pomelo - [32m[E:\zmxy\shangdao\Develop\Program\Trunk\Server\game-server\app\logic\service\baseService.js] [39mserver id [game-server-3] service [game_OperateRegisterService] shutdown with [normal]
[2020-07-31 19:34:05.515] [INFO] pomelo - [32m[E:\zmxy\shangdao\Develop\Program\Trunk\Server\game-server\app\logic\service\baseService.js] [39mserver id [game-server-3] service [game_ActivityRegisterService] shutdown with [normal]
[2020-07-31 19:34:05.515] [INFO] pomelo - [32m[E:\zmxy\shangdao\Develop\Program\Trunk\Server\game-server\app\logic\service\serviceManager.js] [39mserver id [game-server-3] service [SystemConfig] stop ok, use [11ms].
[2020-07-31 19:34:05.515] [INFO] pomelo - [32m[E:\zmxy\shangdao\Develop\Program\Trunk\Server\game-server\app\logic\service\serviceManager.js] [39mserver id [game-server-3] service [Helper] stop ok, use [10ms].
[2020-07-31 19:34:05.515] [INFO] pomelo - [32m[E:\zmxy\shangdao\Develop\Program\Trunk\Server\game-server\app\logic\service\serviceManager.js] [39mserver id [game-server-3] service [RedisMyLogin] stop ok, use [10ms].
[2020-07-31 19:34:05.515] [INFO] pomelo - [32m[E:\zmxy\shangdao\Develop\Program\Trunk\Server\game-server\app\logic\service\serviceManager.js] [39mserver id [game-server-3] service [Brief] stop ok, use [10ms].
[2020-07-31 19:34:05.515] [INFO] pomelo - [32m[E:\zmxy\shangdao\Develop\Program\Trunk\Server\game-server\app\logic\service\serviceManager.js] [39mserver id [game-server-3] service [Id] stop ok, use [10ms].
[2020-07-31 19:34:05.516] [INFO] pomelo - [32m[E:\zmxy\shangdao\Develop\Program\Trunk\Server\game-server\app\logic\service\serviceManager.js] [39mserver id [game-server-3] service [CrossClient] stop ok, use [10ms].
[2020-07-31 19:34:05.516] [INFO] pomelo - [32m[E:\zmxy\shangdao\Develop\Program\Trunk\Server\game-server\app\logic\service\serviceManager.js] [39mserver id [game-server-3] service [RedisCache] stop ok, use [10ms].
[2020-07-31 19:34:05.516] [INFO] pomelo - [32m[E:\zmxy\shangdao\Develop\Program\Trunk\Server\game-server\app\logic\service\serviceManager.js] [39mserver id [game-server-3] service [Log] stop ok, use [10ms].
[2020-07-31 19:34:05.516] [INFO] pomelo - [32m[E:\zmxy\shangdao\Develop\Program\Trunk\Server\game-server\app\logic\service\serviceManager.js] [39mserver id [game-server-3] service [Item] stop ok, use [10ms].
[2020-07-31 19:34:05.516] [INFO] pomelo - [32m[E:\zmxy\shangdao\Develop\Program\Trunk\Server\game-server\app\logic\service\serviceManager.js] [39mserver id [game-server-3] service [Mail] stop ok, use [10ms].
[2020-07-31 19:34:05.516] [INFO] pomelo - [32m[E:\zmxy\shangdao\Develop\Program\Trunk\Server\game-server\app\logic\service\serviceManager.js] [39mserver id [game-server-3] service [LivePfs] stop ok, use [9ms].
[2020-07-31 19:34:05.516] [INFO] pomelo - [32m[E:\zmxy\shangdao\Develop\Program\Trunk\Server\game-server\app\logic\service\serviceManager.js] [39mserver id [game-server-3] service [Chat] stop ok, use [9ms].
[2020-07-31 19:34:05.516] [INFO] pomelo - [32m[E:\zmxy\shangdao\Develop\Program\Trunk\Server\game-server\app\logic\service\serviceManager.js] [39mserver id [game-server-3] service [Gm] stop ok, use [9ms].
[2020-07-31 19:34:05.516] [INFO] pomelo - [32m[E:\zmxy\shangdao\Develop\Program\Trunk\Server\game-server\app\logic\service\serviceManager.js] [39mserver id [game-server-3] service [Settings] stop ok, use [9ms].
[2020-07-31 19:34:05.516] [INFO] pomelo - [32m[E:\zmxy\shangdao\Develop\Program\Trunk\Server\game-server\app\logic\service\serviceManager.js] [39mserver id [game-server-3] service [RankUpdate] stop ok, use [9ms].
[2020-07-31 19:34:05.516] [INFO] pomelo - [32m[E:\zmxy\shangdao\Develop\Program\Trunk\Server\game-server\app\logic\service\serviceManager.js] [39mserver id [game-server-3] service [OperateRegister] stop ok, use [1ms].
[2020-07-31 19:34:05.516] [INFO] pomelo - [32m[E:\zmxy\shangdao\Develop\Program\Trunk\Server\game-server\app\logic\service\serviceManager.js] [39mserver id [game-server-3] service [ActivityRegister] stop ok, use [1ms].
[2020-07-31 19:34:05.516] [INFO] pomelo - [32m[E:\zmxy\shangdao\Develop\Program\Trunk\Server\game-server\app\logic\service\serviceManager.js] [39mserver id [game-server-3] service [Player] stop ok, use [10ms].
[2020-07-31 19:34:05.517] [INFO] pomelo - [32m[E:\zmxy\shangdao\Develop\Program\Trunk\Server\game-server\app\logic\service\baseService.js] [39mserver id [game-server-3] service [logic_OperateService] shutdown with [normal]
[2020-07-31 19:34:05.517] [INFO] pomelo - [32m[E:\zmxy\shangdao\Develop\Program\Trunk\Server\game-server\app\logic\service\baseService.js] [39mserver id [game-server-3] service [logic_ActivityService] shutdown with [normal]
[2020-07-31 19:34:05.517] [INFO] pomelo - [32m[E:\zmxy\shangdao\Develop\Program\Trunk\Server\game-server\app\logic\service\baseService.js] [39mserver id [game-server-3] service [logic_TimerService] shutdown with [normal]
[2020-07-31 19:34:05.522] [INFO] pomelo - [32m[E:\zmxy\shangdao\Develop\Program\Trunk\Server\game-server\app\logic\service\serviceManager.js] [39mserver id [game-server-3] service [Operate] stop ok, use [5ms].
[2020-07-31 19:34:05.522] [INFO] pomelo - [32m[E:\zmxy\shangdao\Develop\Program\Trunk\Server\game-server\app\logic\service\serviceManager.js] [39mserver id [game-server-3] service [Activity] stop ok, use [5ms].
[2020-07-31 19:34:05.522] [INFO] pomelo - [32m[E:\zmxy\shangdao\Develop\Program\Trunk\Server\game-server\app\logic\service\baseService.js] [39mserver id [game-server-3] service [logic_ConfigService] shutdown with [normal]
[2020-07-31 19:34:05.523] [INFO] pomelo - [32m[E:\zmxy\shangdao\Develop\Program\Trunk\Server\game-server\app\logic\service\serviceManager.js] [39mserver id [game-server-3] service [Config] stop ok, use [1ms].
[2020-07-31 19:34:05.555] [INFO] pomelo - [32m[E:\zmxy\shangdao\Develop\Program\Trunk\Server\game-server\app\logic\service\serviceManager.js] [39mserver id [game-server-3] service [Timer] stop ok, use [38ms].
[2020-07-31 19:34:05.555] [INFO] pomelo - [32m[E:\zmxy\shangdao\Develop\Program\Trunk\Server\game-server\app\logic\service\baseService.js] [39mserver id [game-server-3] service [logic_EventService] shutdown with [normal]
[2020-07-31 19:34:05.555] [INFO] pomelo - [32m[E:\zmxy\shangdao\Develop\Program\Trunk\Server\game-server\app\logic\service\baseService.js] [39mserver id [game-server-3] service [game_NotifyService] shutdown with [normal]
[2020-07-31 19:34:05.555] [INFO] pomelo - [32m[E:\zmxy\shangdao\Develop\Program\Trunk\Server\game-server\app\logic\service\serviceManager.js] [39mserver id [game-server-3] service [Event] stop ok, use [0ms].
[2020-07-31 19:34:05.555] [INFO] pomelo - [32m[E:\zmxy\shangdao\Develop\Program\Trunk\Server\game-server\app\logic\service\serviceManager.js] [39mserver id [game-server-3] service [Notify] stop ok, use [0ms].
[2020-07-31 19:34:05.555] [INFO] pomelo - [32m[E:\zmxy\shangdao\Develop\Program\Trunk\Server\game-server\app\logic\service\baseService.js] [39mserver id [game-server-3] service [logic_MongoService] shutdown with [normal]
[2020-07-31 19:34:05.556] [INFO] pomelo - [32m[E:\zmxy\shangdao\Develop\Program\Trunk\Server\game-server\app\logic\service\baseService.js] [39mserver id [game-server-3] service [logic_RedisService] shutdown with [normal]
[2020-07-31 19:34:05.556] [INFO] pomelo - [32m[E:\zmxy\shangdao\Develop\Program\Trunk\Server\game-server\app\logic\service\serviceManager.js] [39mserver id [game-server-3] service [Redis] stop ok, use [0ms].
[2020-07-31 19:34:05.757] [INFO] pomelo - [32m[E:\zmxy\shangdao\Develop\Program\Trunk\Server\game-server\app\logic\service\serviceManager.js] [39mserver id [game-server-3] service [Mongo] stop ok, use [202ms].
[2020-07-31 19:34:05.757] [INFO] pomelo - [32m[E:\zmxy\shangdao\Develop\Program\Trunk\Server\game-server\app\logic\boot\baseStop.js] [39mserver [game] id [game-server-3] shutdown ok.
[2020-07-31 20:13:15.689] [INFO] pomelo - [32m[E:\zmxy\shangdao\Develop\Program\Trunk\Server\game-server\node_modules\pomelo\lib\application.js] [39mapplication inited: "game-server-3"
[2020-07-31 20:13:21.339] [INFO] pomelo - [32m[E:\zmxy\shangdao\Develop\Program\Trunk\Server\game-server\app\logic\boot\bootstrap.js] [39mserver id [game-server-3] type [game] start.
[2020-07-31 20:13:21.340] [INFO] pomelo - [32m[E:\zmxy\shangdao\Develop\Program\Trunk\Server\game-server\app\logic\service\baseService.js] [39mserver id [game-server-3] service [logic_SystemConfigService] start.
[2020-07-31 20:13:21.340] [INFO] pomelo - [32m[E:\zmxy\shangdao\Develop\Program\Trunk\Server\game-server\app\logic\service\serviceManager.js] [39mserver id [game-server-3] service [SystemConfig] start ok, use [0ms].
[2020-07-31 20:13:21.468] [INFO] pomelo - [32m[E:\zmxy\shangdao\Develop\Program\Trunk\Server\game-server\app\logic\service\baseService.js] [39mserver id [game-server-3] service [logic_ConfigService] start.
[2020-07-31 20:13:21.471] [INFO] pomelo - [32m[E:\zmxy\shangdao\Develop\Program\Trunk\Server\game-server\app\logic\service\baseService.js] [39mserver id [game-server-3] service [logic_HelperService] start.
[2020-07-31 20:13:21.471] [INFO] pomelo - [32m[E:\zmxy\shangdao\Develop\Program\Trunk\Server\game-server\app\logic\service\baseService.js] [39mserver id [game-server-3] service [logic_MongoService] start.
[2020-07-31 20:13:21.482] [INFO] pomelo - [32m[E:\zmxy\shangdao\Develop\Program\Trunk\Server\game-server\app\logic\service\baseService.js] [39mserver id [game-server-3] service [logic_RedisService] start.
[2020-07-31 20:13:21.484] [INFO] pomelo - [32m[E:\zmxy\shangdao\Develop\Program\Trunk\Server\game-server\app\logic\redis\redisService.js] [39mserver id game-server-3 connect to redis "127.0.0.1" 6400 success
[2020-07-31 20:13:21.484] [INFO] pomelo - [32m[E:\zmxy\shangdao\Develop\Program\Trunk\Server\game-server\app\logic\service\baseService.js] [39mserver id [game-server-3] service [logic_RedisMyLoginService] start.
[2020-07-31 20:13:21.486] [INFO] pomelo - [32m[E:\zmxy\shangdao\Develop\Program\Trunk\Server\game-server\app\logic\redis\redisMyLoginService.js] [39mserver id game-server-3 connect to redis "127.0.0.1" 6379 success
[2020-07-31 20:13:21.486] [INFO] pomelo - [32m[E:\zmxy\shangdao\Develop\Program\Trunk\Server\game-server\app\logic\service\baseService.js] [39mserver id [game-server-3] service [logic_BriefService] start.
[2020-07-31 20:13:21.486] [INFO] pomelo - [32m[E:\zmxy\shangdao\Develop\Program\Trunk\Server\game-server\app\logic\service\baseService.js] [39mserver id [game-server-3] service [logic_IdService] start.
[2020-07-31 20:13:21.489] [INFO] pomelo - [32m[E:\zmxy\shangdao\Develop\Program\Trunk\Server\game-server\app\logic\service\baseService.js] [39mserver id [game-server-3] service [logic_EventService] start.
[2020-07-31 20:13:21.489] [INFO] pomelo - [32m[E:\zmxy\shangdao\Develop\Program\Trunk\Server\game-server\app\logic\service\baseService.js] [39mserver id [game-server-3] service [game_NotifyService] start.
[2020-07-31 20:13:21.489] [INFO] pomelo - [32m[E:\zmxy\shangdao\Develop\Program\Trunk\Server\game-server\app\logic\service\baseService.js] [39mserver id [game-server-3] service [logic_CrossClientService] start.
[2020-07-31 20:13:21.489] [INFO] pomelo - [32m[E:\zmxy\shangdao\Develop\Program\Trunk\Server\game-server\app\logic\service\baseService.js] [39mserver id [game-server-3] service [game_LogService] start.
[2020-07-31 20:13:21.489] [INFO] pomelo - [32m[E:\zmxy\shangdao\Develop\Program\Trunk\Server\game-server\app\logic\service\baseService.js] [39mserver id [game-server-3] service [game_ItemService] start.
[2020-07-31 20:13:21.489] [INFO] pomelo - [32m[E:\zmxy\shangdao\Develop\Program\Trunk\Server\game-server\app\logic\service\baseService.js] [39mserver id [game-server-3] service [game_MailService] start.
[2020-07-31 20:13:21.490] [INFO] pomelo - [32m[E:\zmxy\shangdao\Develop\Program\Trunk\Server\game-server\app\logic\service\baseService.js] [39mserver id [game-server-3] service [game_LivePlatformService] start.
[2020-07-31 20:13:21.490] [INFO] pomelo - [32m[E:\zmxy\shangdao\Develop\Program\Trunk\Server\game-server\app\logic\service\baseService.js] [39mserver id [game-server-3] service [game_ChatService] start.
[2020-07-31 20:13:21.490] [INFO] pomelo - [32m[E:\zmxy\shangdao\Develop\Program\Trunk\Server\game-server\app\logic\service\baseService.js] [39mserver id [game-server-3] service [game_GmService] start.
[2020-07-31 20:13:21.491] [INFO] pomelo - [32m[E:\zmxy\shangdao\Develop\Program\Trunk\Server\game-server\app\logic\service\baseService.js] [39mserver id [game-server-3] service [game_SettingsService] start.
[2020-07-31 20:13:21.491] [INFO] pomelo - [32m[E:\zmxy\shangdao\Develop\Program\Trunk\Server\game-server\app\logic\service\serviceManager.js] [39mserver id [game-server-3] service [Redis] start ok, use [9ms].
[2020-07-31 20:13:21.491] [INFO] pomelo - [32m[E:\zmxy\shangdao\Develop\Program\Trunk\Server\game-server\app\logic\service\serviceManager.js] [39mserver id [game-server-3] service [RedisMyLogin] start ok, use [7ms].
[2020-07-31 20:13:21.491] [INFO] pomelo - [32m[E:\zmxy\shangdao\Develop\Program\Trunk\Server\game-server\app\logic\service\serviceManager.js] [39mserver id [game-server-3] service [Brief] start ok, use [5ms].
[2020-07-31 20:13:21.491] [INFO] pomelo - [32m[E:\zmxy\shangdao\Develop\Program\Trunk\Server\game-server\app\logic\service\serviceManager.js] [39mserver id [game-server-3] service [Id] start ok, use [5ms].
[2020-07-31 20:13:21.491] [INFO] pomelo - [32m[E:\zmxy\shangdao\Develop\Program\Trunk\Server\game-server\app\logic\service\serviceManager.js] [39mserver id [game-server-3] service [Event] start ok, use [2ms].
[2020-07-31 20:13:21.491] [INFO] pomelo - [32m[E:\zmxy\shangdao\Develop\Program\Trunk\Server\game-server\app\logic\service\serviceManager.js] [39mserver id [game-server-3] service [Notify] start ok, use [2ms].
[2020-07-31 20:13:21.491] [INFO] pomelo - [32m[E:\zmxy\shangdao\Develop\Program\Trunk\Server\game-server\app\logic\service\serviceManager.js] [39mserver id [game-server-3] service [CrossClient] start ok, use [2ms].
[2020-07-31 20:13:21.491] [INFO] pomelo - [32m[E:\zmxy\shangdao\Develop\Program\Trunk\Server\game-server\app\logic\service\serviceManager.js] [39mserver id [game-server-3] service [Log] start ok, use [2ms].
[2020-07-31 20:13:21.491] [INFO] pomelo - [32m[E:\zmxy\shangdao\Develop\Program\Trunk\Server\game-server\app\logic\service\serviceManager.js] [39mserver id [game-server-3] service [Item] start ok, use [2ms].
[2020-07-31 20:13:21.491] [INFO] pomelo - [32m[E:\zmxy\shangdao\Develop\Program\Trunk\Server\game-server\app\logic\service\serviceManager.js] [39mserver id [game-server-3] service [Mail] start ok, use [2ms].
[2020-07-31 20:13:21.491] [INFO] pomelo - [32m[E:\zmxy\shangdao\Develop\Program\Trunk\Server\game-server\app\logic\service\serviceManager.js] [39mserver id [game-server-3] service [LivePfs] start ok, use [1ms].
[2020-07-31 20:13:21.492] [INFO] pomelo - [32m[E:\zmxy\shangdao\Develop\Program\Trunk\Server\game-server\app\logic\service\serviceManager.js] [39mserver id [game-server-3] service [Chat] start ok, use [1ms].
[2020-07-31 20:13:21.492] [INFO] pomelo - [32m[E:\zmxy\shangdao\Develop\Program\Trunk\Server\game-server\app\logic\service\serviceManager.js] [39mserver id [game-server-3] service [Gm] start ok, use [2ms].
[2020-07-31 20:13:21.492] [INFO] pomelo - [32m[E:\zmxy\shangdao\Develop\Program\Trunk\Server\game-server\app\logic\service\serviceManager.js] [39mserver id [game-server-3] service [Settings] start ok, use [2ms].
[2020-07-31 20:13:21.492] [INFO] pomelo - [32m[E:\zmxy\shangdao\Develop\Program\Trunk\Server\game-server\app\logic\service\baseService.js] [39mserver id [game-server-3] service [game_RedisCacheService] start.
[2020-07-31 20:13:21.653] [INFO] pomelo - [32m[E:\zmxy\shangdao\Develop\Program\Trunk\Server\game-server\app\logic\service\serviceManager.js] [39mserver id [game-server-3] service [Helper] start ok, use [182ms].
[2020-07-31 20:13:21.658] [INFO] pomelo - [32m[E:\zmxy\shangdao\Develop\Program\Trunk\Server\game-server\app\logic\service\serviceManager.js] [39mserver id [game-server-3] service [RedisCache] start ok, use [166ms].
[2020-07-31 20:13:21.667] [INFO] pomelo - [32m[E:\zmxy\shangdao\Develop\Program\Trunk\Server\game-server\app\logic\service\serviceManager.js] [39mserver id [game-server-3] service [Config] start ok, use [199ms].
[2020-07-31 20:13:21.667] [INFO] pomelo - [32m[E:\zmxy\shangdao\Develop\Program\Trunk\Server\game-server\app\logic\service\baseService.js] [39mserver id [game-server-3] service [logic_ActivityService] start.
[2020-07-31 20:13:21.667] [INFO] pomelo - [32m[E:\zmxy\shangdao\Develop\Program\Trunk\Server\game-server\app\logic\service\baseService.js] [39mserver id [game-server-3] service [logic_OperateService] start.
[2020-07-31 20:13:21.667] [INFO] pomelo - [32m[E:\zmxy\shangdao\Develop\Program\Trunk\Server\game-server\app\logic\service\serviceManager.js] [39mserver id [game-server-3] service [Activity] start ok, use [0ms].
[2020-07-31 20:13:21.667] [INFO] pomelo - [32m[E:\zmxy\shangdao\Develop\Program\Trunk\Server\game-server\app\logic\service\serviceManager.js] [39mserver id [game-server-3] service [Operate] start ok, use [0ms].
[2020-07-31 20:13:21.667] [INFO] pomelo - [32m[E:\zmxy\shangdao\Develop\Program\Trunk\Server\game-server\app\logic\service\baseService.js] [39mserver id [game-server-3] service [game_ActivityRegisterService] start.
[2020-07-31 20:13:21.669] [INFO] pomelo - [32m[E:\zmxy\shangdao\Develop\Program\Trunk\Server\game-server\app\logic\service\baseService.js] [39mserver id [game-server-3] service [game_OperateRegisterService] start.
[2020-07-31 20:13:21.670] [INFO] pomelo - [32m[E:\zmxy\shangdao\Develop\Program\Trunk\Server\game-server\app\logic\service\serviceManager.js] [39mserver id [game-server-3] service [ActivityRegister] start ok, use [3ms].
[2020-07-31 20:13:21.670] [INFO] pomelo - [32m[E:\zmxy\shangdao\Develop\Program\Trunk\Server\game-server\app\logic\service\serviceManager.js] [39mserver id [game-server-3] service [OperateRegister] start ok, use [1ms].
[2020-07-31 20:13:21.785] [INFO] pomelo - [32m[E:\zmxy\shangdao\Develop\Program\Trunk\Server\game-server\app\logic\mongo\mongoService.js] [39mserver id [game-server-3] connected correctly to mongo server
[2020-07-31 20:13:21.956] [INFO] pomelo - [32m[E:\zmxy\shangdao\Develop\Program\Trunk\Server\game-server\app\logic\service\serviceManager.js] [39mserver id [game-server-3] service [Mongo] start ok, use [485ms].
[2020-07-31 20:13:21.957] [INFO] pomelo - [32m[E:\zmxy\shangdao\Develop\Program\Trunk\Server\game-server\app\logic\service\baseService.js] [39mserver id [game-server-3] service [logic_RankUpdateService] start.
[2020-07-31 20:13:21.957] [INFO] pomelo - [32m[E:\zmxy\shangdao\Develop\Program\Trunk\Server\game-server\app\logic\service\baseService.js] [39mserver id [game-server-3] service [logic_TimerService] start.
[2020-07-31 20:13:21.960] [INFO] pomelo - [32m[E:\zmxy\shangdao\Develop\Program\Trunk\Server\game-server\app\logic\service\serviceManager.js] [39mserver id [game-server-3] service [RankUpdate] start ok, use [3ms].
[2020-07-31 20:13:22.268] [INFO] pomelo - [32m[E:\zmxy\shangdao\Develop\Program\Trunk\Server\game-server\app\logic\service\serviceManager.js] [39mserver id [game-server-3] service [Timer] start ok, use [311ms].
[2020-07-31 20:13:22.268] [INFO] pomelo - [32m[E:\zmxy\shangdao\Develop\Program\Trunk\Server\game-server\app\logic\service\baseService.js] [39mserver id [game-server-3] service [game_PlayerService] start.
[2020-07-31 20:13:22.269] [INFO] pomelo - [32m[E:\zmxy\shangdao\Develop\Program\Trunk\Server\game-server\app\logic\service\serviceManager.js] [39mserver id [game-server-3] service [Player] start ok, use [1ms].
[2020-07-31 20:13:22.269] [INFO] pomelo - [32m[E:\zmxy\shangdao\Develop\Program\Trunk\Server\game-server\app.js] [39mserver id [game-server-3] type [game] start finish.
[2020-07-31 20:13:24.524] [INFO] pomelo - [32m[E:\zmxy\shangdao\Develop\Program\Trunk\Server\game-server\app\logic\boot\baseStop.js] [39mserver [game] id [game-server-3] beforeStartup.
[2020-07-31 20:13:24.748] [INFO] pomelo - [32m[E:\zmxy\shangdao\Develop\Program\Trunk\Server\game-server\node_modules\pomelo\lib\application.js] [39m"game-server-3" enter after start...
[2020-07-31 20:13:24.749] [INFO] pomelo - [32m[E:\zmxy\shangdao\Develop\Program\Trunk\Server\game-server\node_modules\pomelo\lib\application.js] [39m"game-server-3" finish start
[2020-07-31 20:13:24.749] [INFO] pomelo - [32m[E:\zmxy\shangdao\Develop\Program\Trunk\Server\game-server\app\logic\boot\baseStop.js] [39mserver [game] id [game-server-3] afterStartup.
[2020-07-31 20:13:24.754] [INFO] pomelo - [32m[E:\zmxy\shangdao\Develop\Program\Trunk\Server\game-server\node_modules\pomelo\lib\application.js] [39m"game-server-3" startup in 2484 ms
[2020-07-31 20:13:24.754] [INFO] pomelo - [32m[E:\zmxy\shangdao\Develop\Program\Trunk\Server\game-server\app\logic\boot\baseStop.js] [39mserver [game] id [game-server-3] afterStartup ok.
[2020-07-31 20:13:46.888] [INFO] pomelo - [32m[E:\zmxy\shangdao\Develop\Program\Trunk\Server\game-server\app\logic\boot\baseStop.js] [39mserver [game] id [game-server-3] afterStartAll.
[2020-07-31 20:13:46.888] [INFO] pomelo - [32m[E:\zmxy\shangdao\Develop\Program\Trunk\Server\game-server\app\logic\boot\baseStop.js] [39mserver [game] id [game-server-3] afterStartAll ok.
[2020-07-31 21:00:00.016] [INFO] pomelo - [32m[E:\zmxy\shangdao\Develop\Program\Trunk\Server\game-server\app\logic\service\timerService.js] [39mTimerService trigger timerId:13
[2020-08-01 00:00:00.015] [INFO] pomelo - [32m[E:\zmxy\shangdao\Develop\Program\Trunk\Server\game-server\app\logic\service\timerService.js] [39mTimerService trigger timerId:1
[2020-08-01 00:00:00.018] [INFO] pomelo - [32m[E:\zmxy\shangdao\Develop\Program\Trunk\Server\game-server\app\logic\service\timerService.js] [39mTimerService trigger timerId:21
[2020-08-01 00:00:00.028] [INFO] pomelo - [32m[E:\zmxy\shangdao\Develop\Program\Trunk\Server\game-server\app\logic\service\timerService.js] [39mTimerService trigger timerId:22
[2020-08-01 09:00:36.102] [INFO] pomelo - [32m[E:\zmxy\shangdao\Develop\Program\Trunk\Server\game-server\app\logic\boot\baseStop.js] [39mserver [game] id [game-server-3] beforeShutdown.
[2020-08-01 09:00:36.287] [INFO] pomelo - [32m[E:\zmxy\shangdao\Develop\Program\Trunk\Server\game-server\app\logic\service\baseService.js] [39mserver id [game-server-3] service [logic_SystemConfigService] shutdown with [normal]
[2020-08-01 09:00:36.287] [INFO] pomelo - [32m[E:\zmxy\shangdao\Develop\Program\Trunk\Server\game-server\app\logic\service\baseService.js] [39mserver id [game-server-3] service [logic_HelperService] shutdown with [normal]
[2020-08-01 09:00:36.287] [INFO] pomelo - [32m[E:\zmxy\shangdao\Develop\Program\Trunk\Server\game-server\app\logic\service\baseService.js] [39mserver id [game-server-3] service [logic_RedisMyLoginService] shutdown with [normal]
[2020-08-01 09:00:36.291] [INFO] pomelo - [32m[E:\zmxy\shangdao\Develop\Program\Trunk\Server\game-server\app\logic\service\baseService.js] [39mserver id [game-server-3] service [logic_BriefService] shutdown with [normal]
[2020-08-01 09:00:36.292] [INFO] pomelo - [32m[E:\zmxy\shangdao\Develop\Program\Trunk\Server\game-server\app\logic\service\baseService.js] [39mserver id [game-server-3] service [logic_IdService] shutdown with [normal]
[2020-08-01 09:00:36.292] [INFO] pomelo - [32m[E:\zmxy\shangdao\Develop\Program\Trunk\Server\game-server\app\logic\service\baseService.js] [39mserver id [game-server-3] service [logic_CrossClientService] shutdown with [normal]
[2020-08-01 09:00:36.292] [INFO] pomelo - [32m[E:\zmxy\shangdao\Develop\Program\Trunk\Server\game-server\app\logic\service\baseService.js] [39mserver id [game-server-3] service [game_RedisCacheService] shutdown with [normal]
[2020-08-01 09:00:36.293] [INFO] pomelo - [32m[E:\zmxy\shangdao\Develop\Program\Trunk\Server\game-server\app\logic\service\baseService.js] [39mserver id [game-server-3] service [game_LogService] shutdown with [normal]
[2020-08-01 09:00:36.293] [INFO] pomelo - [32m[E:\zmxy\shangdao\Develop\Program\Trunk\Server\game-server\app\logic\service\baseService.js] [39mserver id [game-server-3] service [game_PlayerService] shutdown with [normal]
[2020-08-01 09:00:36.294] [INFO] pomelo - [32m[E:\zmxy\shangdao\Develop\Program\Trunk\Server\game-server\app\logic\service\baseService.js] [39mserver id [game-server-3] service [game_ItemService] shutdown with [normal]
[2020-08-01 09:00:36.294] [INFO] pomelo - [32m[E:\zmxy\shangdao\Develop\Program\Trunk\Server\game-server\app\logic\service\baseService.js] [39mserver id [game-server-3] service [game_MailService] shutdown with [normal]
[2020-08-01 09:00:36.294] [INFO] pomelo - [32m[E:\zmxy\shangdao\Develop\Program\Trunk\Server\game-server\app\logic\service\baseService.js] [39mserver id [game-server-3] service [game_LivePlatformService] shutdown with [normal]
[2020-08-01 09:00:36.295] [INFO] pomelo - [32m[E:\zmxy\shangdao\Develop\Program\Trunk\Server\game-server\app\logic\service\baseService.js] [39mserver id [game-server-3] service [game_ChatService] shutdown with [normal]
[2020-08-01 09:00:36.295] [INFO] pomelo - [32m[E:\zmxy\shangdao\Develop\Program\Trunk\Server\game-server\app\logic\service\baseService.js] [39mserver id [game-server-3] service [game_GmService] shutdown with [normal]
[2020-08-01 09:00:36.295] [INFO] pomelo - [32m[E:\zmxy\shangdao\Develop\Program\Trunk\Server\game-server\app\logic\service\baseService.js] [39mserver id [game-server-3] service [game_SettingsService] shutdown with [normal]
[2020-08-01 09:00:36.295] [INFO] pomelo - [32m[E:\zmxy\shangdao\Develop\Program\Trunk\Server\game-server\app\logic\service\baseService.js] [39mserver id [game-server-3] service [logic_RankUpdateService] shutdown with [normal]
[2020-08-01 09:00:36.295] [INFO] pomelo - [32m[E:\zmxy\shangdao\Develop\Program\Trunk\Server\game-server\app\logic\service\baseService.js] [39mserver id [game-server-3] service [game_OperateRegisterService] shutdown with [normal]
[2020-08-01 09:00:36.296] [INFO] pomelo - [32m[E:\zmxy\shangdao\Develop\Program\Trunk\Server\game-server\app\logic\service\baseService.js] [39mserver id [game-server-3] service [game_ActivityRegisterService] shutdown with [normal]
[2020-08-01 09:00:36.296] [INFO] pomelo - [32m[E:\zmxy\shangdao\Develop\Program\Trunk\Server\game-server\app\logic\service\serviceManager.js] [39mserver id [game-server-3] service [SystemConfig] stop ok, use [90ms].
[2020-08-01 09:00:36.296] [INFO] pomelo - [32m[E:\zmxy\shangdao\Develop\Program\Trunk\Server\game-server\app\logic\service\serviceManager.js] [39mserver id [game-server-3] service [Helper] stop ok, use [9ms].
[2020-08-01 09:00:36.296] [INFO] pomelo - [32m[E:\zmxy\shangdao\Develop\Program\Trunk\Server\game-server\app\logic\service\serviceManager.js] [39mserver id [game-server-3] service [RedisMyLogin] stop ok, use [9ms].
[2020-08-01 09:00:36.296] [INFO] pomelo - [32m[E:\zmxy\shangdao\Develop\Program\Trunk\Server\game-server\app\logic\service\serviceManager.js] [39mserver id [game-server-3] service [Brief] stop ok, use [5ms].
[2020-08-01 09:00:36.296] [INFO] pomelo - [32m[E:\zmxy\shangdao\Develop\Program\Trunk\Server\game-server\app\logic\service\serviceManager.js] [39mserver id [game-server-3] service [Id] stop ok, use [5ms].
[2020-08-01 09:00:36.296] [INFO] pomelo - [32m[E:\zmxy\shangdao\Develop\Program\Trunk\Server\game-server\app\logic\service\serviceManager.js] [39mserver id [game-server-3] service [CrossClient] stop ok, use [4ms].
[2020-08-01 09:00:36.296] [INFO] pomelo - [32m[E:\zmxy\shangdao\Develop\Program\Trunk\Server\game-server\app\logic\service\serviceManager.js] [39mserver id [game-server-3] service [RedisCache] stop ok, use [4ms].
[2020-08-01 09:00:36.297] [INFO] pomelo - [32m[E:\zmxy\shangdao\Develop\Program\Trunk\Server\game-server\app\logic\service\serviceManager.js] [39mserver id [game-server-3] service [Log] stop ok, use [4ms].
[2020-08-01 09:00:36.297] [INFO] pomelo - [32m[E:\zmxy\shangdao\Develop\Program\Trunk\Server\game-server\app\logic\service\serviceManager.js] [39mserver id [game-server-3] service [Item] stop ok, use [3ms].
[2020-08-01 09:00:36.297] [INFO] pomelo - [32m[E:\zmxy\shangdao\Develop\Program\Trunk\Server\game-server\app\logic\service\serviceManager.js] [39mserver id [game-server-3] service [Mail] stop ok, use [3ms].
[2020-08-01 09:00:36.297] [INFO] pomelo - [32m[E:\zmxy\shangdao\Develop\Program\Trunk\Server\game-server\app\logic\service\serviceManager.js] [39mserver id [game-server-3] service [LivePfs] stop ok, use [3ms].
[2020-08-01 09:00:36.297] [INFO] pomelo - [32m[E:\zmxy\shangdao\Develop\Program\Trunk\Server\game-server\app\logic\service\serviceManager.js] [39mserver id [game-server-3] service [Chat] stop ok, use [3ms].
[2020-08-01 09:00:36.297] [INFO] pomelo - [32m[E:\zmxy\shangdao\Develop\Program\Trunk\Server\game-server\app\logic\service\serviceManager.js] [39mserver id [game-server-3] service [Gm] stop ok, use [2ms].
[2020-08-01 09:00:36.297] [INFO] pomelo - [32m[E:\zmxy\shangdao\Develop\Program\Trunk\Server\game-server\app\logic\service\serviceManager.js] [39mserver id [game-server-3] service [Settings] stop ok, use [2ms].
[2020-08-01 09:00:36.297] [INFO] pomelo - [32m[E:\zmxy\shangdao\Develop\Program\Trunk\Server\game-server\app\logic\service\serviceManager.js] [39mserver id [game-server-3] service [RankUpdate] stop ok, use [2ms].
[2020-08-01 09:00:36.297] [INFO] pomelo - [32m[E:\zmxy\shangdao\Develop\Program\Trunk\Server\game-server\app\logic\service\serviceManager.js] [39mserver id [game-server-3] service [OperateRegister] stop ok, use [2ms].
[2020-08-01 09:00:36.297] [INFO] pomelo - [32m[E:\zmxy\shangdao\Develop\Program\Trunk\Server\game-server\app\logic\service\serviceManager.js] [39mserver id [game-server-3] service [ActivityRegister] stop ok, use [2ms].
[2020-08-01 09:00:36.298] [INFO] pomelo - [32m[E:\zmxy\shangdao\Develop\Program\Trunk\Server\game-server\app\logic\service\serviceManager.js] [39mserver id [game-server-3] service [Player] stop ok, use [5ms].
[2020-08-01 09:00:36.298] [INFO] pomelo - [32m[E:\zmxy\shangdao\Develop\Program\Trunk\Server\game-server\app\logic\service\baseService.js] [39mserver id [game-server-3] service [logic_OperateService] shutdown with [normal]
[2020-08-01 09:00:36.298] [INFO] pomelo - [32m[E:\zmxy\shangdao\Develop\Program\Trunk\Server\game-server\app\logic\service\baseService.js] [39mserver id [game-server-3] service [logic_ActivityService] shutdown with [normal]
[2020-08-01 09:00:36.298] [INFO] pomelo - [32m[E:\zmxy\shangdao\Develop\Program\Trunk\Server\game-server\app\logic\service\baseService.js] [39mserver id [game-server-3] service [logic_TimerService] shutdown with [normal]
[2020-08-01 09:00:36.304] [INFO] pomelo - [32m[E:\zmxy\shangdao\Develop\Program\Trunk\Server\game-server\app\logic\service\serviceManager.js] [39mserver id [game-server-3] service [Operate] stop ok, use [6ms].
[2020-08-01 09:00:36.304] [INFO] pomelo - [32m[E:\zmxy\shangdao\Develop\Program\Trunk\Server\game-server\app\logic\service\serviceManager.js] [39mserver id [game-server-3] service [Activity] stop ok, use [6ms].
[2020-08-01 09:00:36.304] [INFO] pomelo - [32m[E:\zmxy\shangdao\Develop\Program\Trunk\Server\game-server\app\logic\service\baseService.js] [39mserver id [game-server-3] service [logic_ConfigService] shutdown with [normal]
[2020-08-01 09:00:36.304] [INFO] pomelo - [32m[E:\zmxy\shangdao\Develop\Program\Trunk\Server\game-server\app\logic\service\serviceManager.js] [39mserver id [game-server-3] service [Config] stop ok, use [0ms].
[2020-08-01 09:00:36.313] [INFO] pomelo - [32m[E:\zmxy\shangdao\Develop\Program\Trunk\Server\game-server\app\logic\service\serviceManager.js] [39mserver id [game-server-3] service [Timer] stop ok, use [15ms].
[2020-08-01 09:00:36.313] [INFO] pomelo - [32m[E:\zmxy\shangdao\Develop\Program\Trunk\Server\game-server\app\logic\service\baseService.js] [39mserver id [game-server-3] service [logic_EventService] shutdown with [normal]
[2020-08-01 09:00:36.313] [INFO] pomelo - [32m[E:\zmxy\shangdao\Develop\Program\Trunk\Server\game-server\app\logic\service\baseService.js] [39mserver id [game-server-3] service [game_NotifyService] shutdown with [normal]
[2020-08-01 09:00:36.313] [INFO] pomelo - [32m[E:\zmxy\shangdao\Develop\Program\Trunk\Server\game-server\app\logic\service\serviceManager.js] [39mserver id [game-server-3] service [Event] stop ok, use [0ms].
[2020-08-01 09:00:36.313] [INFO] pomelo - [32m[E:\zmxy\shangdao\Develop\Program\Trunk\Server\game-server\app\logic\service\serviceManager.js] [39mserver id [game-server-3] service [Notify] stop ok, use [0ms].
[2020-08-01 09:00:36.313] [INFO] pomelo - [32m[E:\zmxy\shangdao\Develop\Program\Trunk\Server\game-server\app\logic\service\baseService.js] [39mserver id [game-server-3] service [logic_MongoService] shutdown with [normal]
[2020-08-01 09:00:36.314] [INFO] pomelo - [32m[E:\zmxy\shangdao\Develop\Program\Trunk\Server\game-server\app\logic\service\baseService.js] [39mserver id [game-server-3] service [logic_RedisService] shutdown with [normal]
[2020-08-01 09:00:36.314] [INFO] pomelo - [32m[E:\zmxy\shangdao\Develop\Program\Trunk\Server\game-server\app\logic\service\serviceManager.js] [39mserver id [game-server-3] service [Redis] stop ok, use [0ms].
[2020-08-01 09:00:36.989] [INFO] pomelo - [32m[E:\zmxy\shangdao\Develop\Program\Trunk\Server\game-server\app\logic\service\serviceManager.js] [39mserver id [game-server-3] service [Mongo] stop ok, use [676ms].
[2020-08-01 09:00:36.989] [INFO] pomelo - [32m[E:\zmxy\shangdao\Develop\Program\Trunk\Server\game-server\app\logic\boot\baseStop.js] [39mserver [game] id [game-server-3] shutdown ok.
[2020-08-01 11:20:18.533] [INFO] pomelo - [32m[E:\zmxy\shangdao\Develop\Program\Trunk\Server\game-server\node_modules\pomelo\lib\application.js] [39mapplication inited: "game-server-3"
[2020-08-01 11:20:22.752] [INFO] pomelo - [32m[E:\zmxy\shangdao\Develop\Program\Trunk\Server\game-server\app\logic\boot\bootstrap.js] [39mserver id [game-server-3] type [game] start.
[2020-08-01 11:20:22.753] [INFO] pomelo - [32m[E:\zmxy\shangdao\Develop\Program\Trunk\Server\game-server\app\logic\service\baseService.js] [39mserver id [game-server-3] service [logic_SystemConfigService] start.
[2020-08-01 11:20:22.753] [INFO] pomelo - [32m[E:\zmxy\shangdao\Develop\Program\Trunk\Server\game-server\app\logic\service\serviceManager.js] [39mserver id [game-server-3] service [SystemConfig] start ok, use [0ms].
[2020-08-01 11:20:22.950] [INFO] pomelo - [32m[E:\zmxy\shangdao\Develop\Program\Trunk\Server\game-server\app\logic\service\baseService.js] [39mserver id [game-server-3] service [logic_ConfigService] start.
[2020-08-01 11:20:22.951] [INFO] pomelo - [32m[E:\zmxy\shangdao\Develop\Program\Trunk\Server\game-server\app\logic\service\baseService.js] [39mserver id [game-server-3] service [logic_HelperService] start.
[2020-08-01 11:20:22.951] [INFO] pomelo - [32m[E:\zmxy\shangdao\Develop\Program\Trunk\Server\game-server\app\logic\service\baseService.js] [39mserver id [game-server-3] service [logic_MongoService] start.
[2020-08-01 11:20:22.970] [INFO] pomelo - [32m[E:\zmxy\shangdao\Develop\Program\Trunk\Server\game-server\app\logic\service\baseService.js] [39mserver id [game-server-3] service [logic_RedisService] start.
[2020-08-01 11:20:22.971] [INFO] pomelo - [32m[E:\zmxy\shangdao\Develop\Program\Trunk\Server\game-server\app\logic\redis\redisService.js] [39mserver id game-server-3 connect to redis "127.0.0.1" 6400 success
[2020-08-01 11:20:22.972] [INFO] pomelo - [32m[E:\zmxy\shangdao\Develop\Program\Trunk\Server\game-server\app\logic\service\baseService.js] [39mserver id [game-server-3] service [logic_RedisMyLoginService] start.
[2020-08-01 11:20:22.973] [INFO] pomelo - [32m[E:\zmxy\shangdao\Develop\Program\Trunk\Server\game-server\app\logic\redis\redisMyLoginService.js] [39mserver id game-server-3 connect to redis "127.0.0.1" 6379 success
[2020-08-01 11:20:22.973] [INFO] pomelo - [32m[E:\zmxy\shangdao\Develop\Program\Trunk\Server\game-server\app\logic\service\baseService.js] [39mserver id [game-server-3] service [logic_BriefService] start.
[2020-08-01 11:20:22.974] [INFO] pomelo - [32m[E:\zmxy\shangdao\Develop\Program\Trunk\Server\game-server\app\logic\service\baseService.js] [39mserver id [game-server-3] service [logic_IdService] start.
[2020-08-01 11:20:22.974] [INFO] pomelo - [32m[E:\zmxy\shangdao\Develop\Program\Trunk\Server\game-server\app\logic\service\baseService.js] [39mserver id [game-server-3] service [logic_EventService] start.
[2020-08-01 11:20:22.974] [INFO] pomelo - [32m[E:\zmxy\shangdao\Develop\Program\Trunk\Server\game-server\app\logic\service\baseService.js] [39mserver id [game-server-3] service [game_NotifyService] start.
[2020-08-01 11:20:22.975] [INFO] pomelo - [32m[E:\zmxy\shangdao\Develop\Program\Trunk\Server\game-server\app\logic\service\baseService.js] [39mserver id [game-server-3] service [logic_CrossClientService] start.
[2020-08-01 11:20:22.975] [INFO] pomelo - [32m[E:\zmxy\shangdao\Develop\Program\Trunk\Server\game-server\app\logic\service\baseService.js] [39mserver id [game-server-3] service [game_LogService] start.
[2020-08-01 11:20:22.975] [INFO] pomelo - [32m[E:\zmxy\shangdao\Develop\Program\Trunk\Server\game-server\app\logic\service\baseService.js] [39mserver id [game-server-3] service [game_ItemService] start.
[2020-08-01 11:20:22.975] [INFO] pomelo - [32m[E:\zmxy\shangdao\Develop\Program\Trunk\Server\game-server\app\logic\service\baseService.js] [39mserver id [game-server-3] service [game_MailService] start.
[2020-08-01 11:20:22.975] [INFO] pomelo - [32m[E:\zmxy\shangdao\Develop\Program\Trunk\Server\game-server\app\logic\service\baseService.js] [39mserver id [game-server-3] service [game_LivePlatformService] start.
[2020-08-01 11:20:22.976] [INFO] pomelo - [32m[E:\zmxy\shangdao\Develop\Program\Trunk\Server\game-server\app\logic\service\baseService.js] [39mserver id [game-server-3] service [game_ChatService] start.
[2020-08-01 11:20:22.976] [INFO] pomelo - [32m[E:\zmxy\shangdao\Develop\Program\Trunk\Server\game-server\app\logic\service\baseService.js] [39mserver id [game-server-3] service [game_GmService] start.
[2020-08-01 11:20:22.976] [INFO] pomelo - [32m[E:\zmxy\shangdao\Develop\Program\Trunk\Server\game-server\app\logic\service\baseService.js] [39mserver id [game-server-3] service [game_SettingsService] start.
[2020-08-01 11:20:22.976] [INFO] pomelo - [32m[E:\zmxy\shangdao\Develop\Program\Trunk\Server\game-server\app\logic\service\serviceManager.js] [39mserver id [game-server-3] service [Redis] start ok, use [6ms].
[2020-08-01 11:20:22.976] [INFO] pomelo - [32m[E:\zmxy\shangdao\Develop\Program\Trunk\Server\game-server\app\logic\service\serviceManager.js] [39mserver id [game-server-3] service [RedisMyLogin] start ok, use [5ms].
[2020-08-01 11:20:22.977] [INFO] pomelo - [32m[E:\zmxy\shangdao\Develop\Program\Trunk\Server\game-server\app\logic\service\serviceManager.js] [39mserver id [game-server-3] service [Brief] start ok, use [4ms].
[2020-08-01 11:20:22.977] [INFO] pomelo - [32m[E:\zmxy\shangdao\Develop\Program\Trunk\Server\game-server\app\logic\service\serviceManager.js] [39mserver id [game-server-3] service [Id] start ok, use [3ms].
[2020-08-01 11:20:22.977] [INFO] pomelo - [32m[E:\zmxy\shangdao\Develop\Program\Trunk\Server\game-server\app\logic\service\serviceManager.js] [39mserver id [game-server-3] service [Event] start ok, use [3ms].
[2020-08-01 11:20:22.977] [INFO] pomelo - [32m[E:\zmxy\shangdao\Develop\Program\Trunk\Server\game-server\app\logic\service\serviceManager.js] [39mserver id [game-server-3] service [Notify] start ok, use [3ms].
[2020-08-01 11:20:22.977] [INFO] pomelo - [32m[E:\zmxy\shangdao\Develop\Program\Trunk\Server\game-server\app\logic\service\serviceManager.js] [39mserver id [game-server-3] service [CrossClient] start ok, use [3ms].
[2020-08-01 11:20:22.977] [INFO] pomelo - [32m[E:\zmxy\shangdao\Develop\Program\Trunk\Server\game-server\app\logic\service\serviceManager.js] [39mserver id [game-server-3] service [Log] start ok, use [2ms].
[2020-08-01 11:20:22.977] [INFO] pomelo - [32m[E:\zmxy\shangdao\Develop\Program\Trunk\Server\game-server\app\logic\service\serviceManager.js] [39mserver id [game-server-3] service [Item] start ok, use [2ms].
[2020-08-01 11:20:22.977] [INFO] pomelo - [32m[E:\zmxy\shangdao\Develop\Program\Trunk\Server\game-server\app\logic\service\serviceManager.js] [39mserver id [game-server-3] service [Mail] start ok, use [2ms].
[2020-08-01 11:20:22.977] [INFO] pomelo - [32m[E:\zmxy\shangdao\Develop\Program\Trunk\Server\game-server\app\logic\service\serviceManager.js] [39mserver id [game-server-3] service [LivePfs] start ok, use [2ms].
[2020-08-01 11:20:22.977] [INFO] pomelo - [32m[E:\zmxy\shangdao\Develop\Program\Trunk\Server\game-server\app\logic\service\serviceManager.js] [39mserver id [game-server-3] service [Chat] start ok, use [1ms].
[2020-08-01 11:20:22.977] [INFO] pomelo - [32m[E:\zmxy\shangdao\Develop\Program\Trunk\Server\game-server\app\logic\service\serviceManager.js] [39mserver id [game-server-3] service [Gm] start ok, use [1ms].
[2020-08-01 11:20:22.977] [INFO] pomelo - [32m[E:\zmxy\shangdao\Develop\Program\Trunk\Server\game-server\app\logic\service\serviceManager.js] [39mserver id [game-server-3] service [Settings] start ok, use [1ms].
[2020-08-01 11:20:22.977] [INFO] pomelo - [32m[E:\zmxy\shangdao\Develop\Program\Trunk\Server\game-server\app\logic\service\baseService.js] [39mserver id [game-server-3] service [game_RedisCacheService] start.
[2020-08-01 11:20:23.110] [INFO] pomelo - [32m[E:\zmxy\shangdao\Develop\Program\Trunk\Server\game-server\app\logic\service\serviceManager.js] [39mserver id [game-server-3] service [Helper] start ok, use [159ms].
[2020-08-01 11:20:23.111] [INFO] pomelo - [32m[E:\zmxy\shangdao\Develop\Program\Trunk\Server\game-server\app\logic\service\serviceManager.js] [39mserver id [game-server-3] service [RedisCache] start ok, use [134ms].
[2020-08-01 11:20:23.132] [INFO] pomelo - [32m[E:\zmxy\shangdao\Develop\Program\Trunk\Server\game-server\app\logic\service\serviceManager.js] [39mserver id [game-server-3] service [Config] start ok, use [182ms].
[2020-08-01 11:20:23.132] [INFO] pomelo - [32m[E:\zmxy\shangdao\Develop\Program\Trunk\Server\game-server\app\logic\service\baseService.js] [39mserver id [game-server-3] service [logic_ActivityService] start.
[2020-08-01 11:20:23.132] [INFO] pomelo - [32m[E:\zmxy\shangdao\Develop\Program\Trunk\Server\game-server\app\logic\service\baseService.js] [39mserver id [game-server-3] service [logic_OperateService] start.
[2020-08-01 11:20:23.132] [INFO] pomelo - [32m[E:\zmxy\shangdao\Develop\Program\Trunk\Server\game-server\app\logic\service\serviceManager.js] [39mserver id [game-server-3] service [Activity] start ok, use [0ms].
[2020-08-01 11:20:23.132] [INFO] pomelo - [32m[E:\zmxy\shangdao\Develop\Program\Trunk\Server\game-server\app\logic\service\serviceManager.js] [39mserver id [game-server-3] service [Operate] start ok, use [0ms].
[2020-08-01 11:20:23.132] [INFO] pomelo - [32m[E:\zmxy\shangdao\Develop\Program\Trunk\Server\game-server\app\logic\service\baseService.js] [39mserver id [game-server-3] service [game_ActivityRegisterService] start.
[2020-08-01 11:20:23.134] [INFO] pomelo - [32m[E:\zmxy\shangdao\Develop\Program\Trunk\Server\game-server\app\logic\service\baseService.js] [39mserver id [game-server-3] service [game_OperateRegisterService] start.
[2020-08-01 11:20:23.135] [INFO] pomelo - [32m[E:\zmxy\shangdao\Develop\Program\Trunk\Server\game-server\app\logic\service\serviceManager.js] [39mserver id [game-server-3] service [ActivityRegister] start ok, use [3ms].
[2020-08-01 11:20:23.135] [INFO] pomelo - [32m[E:\zmxy\shangdao\Develop\Program\Trunk\Server\game-server\app\logic\service\serviceManager.js] [39mserver id [game-server-3] service [OperateRegister] start ok, use [1ms].
[2020-08-01 11:20:23.237] [INFO] pomelo - [32m[E:\zmxy\shangdao\Develop\Program\Trunk\Server\game-server\app\logic\mongo\mongoService.js] [39mserver id [game-server-3] connected correctly to mongo server
[2020-08-01 11:20:23.330] [INFO] pomelo - [32m[E:\zmxy\shangdao\Develop\Program\Trunk\Server\game-server\app\logic\service\serviceManager.js] [39mserver id [game-server-3] service [Mongo] start ok, use [379ms].
[2020-08-01 11:20:23.331] [INFO] pomelo - [32m[E:\zmxy\shangdao\Develop\Program\Trunk\Server\game-server\app\logic\service\baseService.js] [39mserver id [game-server-3] service [logic_RankUpdateService] start.
[2020-08-01 11:20:23.331] [INFO] pomelo - [32m[E:\zmxy\shangdao\Develop\Program\Trunk\Server\game-server\app\logic\service\baseService.js] [39mserver id [game-server-3] service [logic_TimerService] start.
[2020-08-01 11:20:23.334] [INFO] pomelo - [32m[E:\zmxy\shangdao\Develop\Program\Trunk\Server\game-server\app\logic\service\serviceManager.js] [39mserver id [game-server-3] service [RankUpdate] start ok, use [3ms].
[2020-08-01 11:20:23.458] [INFO] pomelo - [32m[E:\zmxy\shangdao\Develop\Program\Trunk\Server\game-server\app\logic\service\serviceManager.js] [39mserver id [game-server-3] service [Timer] start ok, use [127ms].
[2020-08-01 11:20:23.458] [INFO] pomelo - [32m[E:\zmxy\shangdao\Develop\Program\Trunk\Server\game-server\app\logic\service\baseService.js] [39mserver id [game-server-3] service [game_PlayerService] start.
[2020-08-01 11:20:23.460] [INFO] pomelo - [32m[E:\zmxy\shangdao\Develop\Program\Trunk\Server\game-server\app\logic\service\serviceManager.js] [39mserver id [game-server-3] service [Player] start ok, use [2ms].
[2020-08-01 11:20:23.460] [INFO] pomelo - [32m[E:\zmxy\shangdao\Develop\Program\Trunk\Server\game-server\app.js] [39mserver id [game-server-3] type [game] start finish.
[2020-08-01 11:20:24.595] [INFO] pomelo - [32m[E:\zmxy\shangdao\Develop\Program\Trunk\Server\game-server\app\logic\boot\baseStop.js] [39mserver [game] id [game-server-3] beforeStartup.
[2020-08-01 11:20:24.969] [INFO] pomelo - [32m[E:\zmxy\shangdao\Develop\Program\Trunk\Server\game-server\node_modules\pomelo\lib\application.js] [39m"game-server-3" enter after start...
[2020-08-01 11:20:24.970] [INFO] pomelo - [32m[E:\zmxy\shangdao\Develop\Program\Trunk\Server\game-server\node_modules\pomelo\lib\application.js] [39m"game-server-3" finish start
[2020-08-01 11:20:24.970] [INFO] pomelo - [32m[E:\zmxy\shangdao\Develop\Program\Trunk\Server\game-server\app\logic\boot\baseStop.js] [39mserver [game] id [game-server-3] afterStartup.
[2020-08-01 11:20:24.975] [INFO] pomelo - [32m[E:\zmxy\shangdao\Develop\Program\Trunk\Server\game-server\node_modules\pomelo\lib\application.js] [39m"game-server-3" startup in 1515 ms
[2020-08-01 11:20:24.975] [INFO] pomelo - [32m[E:\zmxy\shangdao\Develop\Program\Trunk\Server\game-server\app\logic\boot\baseStop.js] [39mserver [game] id [game-server-3] afterStartup ok.
[2020-08-01 11:20:40.209] [INFO] pomelo - [32m[E:\zmxy\shangdao\Develop\Program\Trunk\Server\game-server\app\logic\boot\baseStop.js] [39mserver [game] id [game-server-3] afterStartAll.
[2020-08-01 11:20:40.210] [INFO] pomelo - [32m[E:\zmxy\shangdao\Develop\Program\Trunk\Server\game-server\app\logic\boot\baseStop.js] [39mserver [game] id [game-server-3] afterStartAll ok.
[2020-08-01 11:49:02.333] [INFO] pomelo - [32m[E:\zmxy\shangdao\Develop\Program\Trunk\Server\game-server\app\servers\game\handler\loginHandler.js] [39mplayer login uid:100300000014326
[2020-08-01 11:49:02.341] [INFO] pomelo - [32m[E:\zmxy\shangdao\Develop\Program\Trunk\Server\game-server\app\servers\game\handler\loginHandler.js] [39mlogin : uid(100300000014326) no exist, need to create role
[2020-08-01 11:49:02.344] [WARN] pomelo - [33m[E:\zmxy\shangdao\Develop\Program\Trunk\Server\game-server\app\filter\errCodeFilter.js] [39m
	产生协议ErrorCode [3001], 枚举：ERR_LOGIN_NO_ROLE, 信息：没有角色, 路由：game.loginHandler.login
[2020-08-01 11:49:13.197] [INFO] pomelo - [32m[E:\zmxy\shangdao\Develop\Program\Trunk\Server\game-server\app\servers\game\service\player\player.js] [39mplayer 100300000014326 load account data ok
[2020-08-01 11:49:13.204] [WARN] pomelo - [33m[E:\zmxy\shangdao\Develop\Program\Trunk\Server\game-server\node_modules\pomelo\lib\common\service\channelService.js] [39mignore uid 100300000014326 for sid not specified.
[2020-08-01 11:49:13.205] [WARN] pomelo - [33m[E:\zmxy\shangdao\Develop\Program\Trunk\Server\game-server\node_modules\pomelo\lib\common\service\channelService.js] [39mignore uid 100300000014326 for sid not specified.
[2020-08-01 11:49:13.209] [WARN] pomelo - [33m[E:\zmxy\shangdao\Develop\Program\Trunk\Server\game-server\node_modules\pomelo\lib\common\service\channelService.js] [39mignore uid 100300000014326 for sid not specified.
[2020-08-01 11:49:13.216] [INFO] pomelo - [32m[E:\zmxy\shangdao\Develop\Program\Trunk\Server\game-server\app\servers\game\component\shop\shopMystery.js] [39mShopMystery refresh shop:32 refresh ,player:100300000014326, doSelftrue
[2020-08-01 11:49:13.220] [WARN] pomelo - [33m[E:\zmxy\shangdao\Develop\Program\Trunk\Server\game-server\node_modules\pomelo\lib\common\service\channelService.js] [39mignore uid 100300000014326 for sid not specified.
[2020-08-01 11:49:13.222] [INFO] pomelo - [32m[E:\zmxy\shangdao\Develop\Program\Trunk\Server\game-server\app\servers\game\component\card\cardComponent.js] [39mCardComponent onLogin
[2020-08-01 11:49:13.224] [INFO] pomelo - [32m[E:\zmxy\shangdao\Develop\Program\Trunk\Server\game-server\app\servers\game\component\car\carComponent.js] [39mCarComponent onLogin
[2020-08-01 11:49:13.238] [INFO] pomelo - [32m[E:\zmxy\shangdao\Develop\Program\Trunk\Server\game-server\app\servers\game\component\shop\shopMystery.js] [39mShopMystery refresh shop:21 refresh ,player:100300000014326, doSelftrue
[2020-08-01 11:49:13.238] [INFO] pomelo - [32m[E:\zmxy\shangdao\Develop\Program\Trunk\Server\game-server\app\servers\game\component\shop\shopMystery.js] [39mShopMystery refresh shop:21 not open ,player:100300000014326
[2020-08-01 11:49:13.238] [INFO] pomelo - [32m[E:\zmxy\shangdao\Develop\Program\Trunk\Server\game-server\app\servers\game\component\shop\shopMystery.js] [39mShopMystery refresh shop:31 refresh ,player:100300000014326, doSelftrue
[2020-08-01 11:49:13.239] [INFO] pomelo - [32m[E:\zmxy\shangdao\Develop\Program\Trunk\Server\game-server\app\servers\game\component\shop\shopMystery.js] [39mShopMystery refresh shop:31 not open ,player:100300000014326
[2020-08-01 11:49:13.239] [INFO] pomelo - [32m[E:\zmxy\shangdao\Develop\Program\Trunk\Server\game-server\app\servers\game\component\shop\shopMystery.js] [39mShopMystery refresh shop:32 refresh ,player:100300000014326, doSelftrue
[2020-08-01 11:49:13.244] [INFO] pomelo - [32m[E:\zmxy\shangdao\Develop\Program\Trunk\Server\game-server\app\servers\game\component\shop\shopMystery.js] [39mShopMystery refresh shop:21 refresh ,player:100300000014326, doSelftrue
[2020-08-01 11:49:13.244] [INFO] pomelo - [32m[E:\zmxy\shangdao\Develop\Program\Trunk\Server\game-server\app\servers\game\component\shop\shopMystery.js] [39mShopMystery refresh shop:21 not open ,player:100300000014326
[2020-08-01 11:49:13.245] [INFO] pomelo - [32m[E:\zmxy\shangdao\Develop\Program\Trunk\Server\game-server\app\servers\game\component\shop\shopMystery.js] [39mShopMystery refresh shop:31 refresh ,player:100300000014326, doSelftrue
[2020-08-01 11:49:13.245] [INFO] pomelo - [32m[E:\zmxy\shangdao\Develop\Program\Trunk\Server\game-server\app\servers\game\component\shop\shopMystery.js] [39mShopMystery refresh shop:31 not open ,player:100300000014326
[2020-08-01 11:49:13.246] [INFO] pomelo - [32m[E:\zmxy\shangdao\Develop\Program\Trunk\Server\game-server\app\servers\game\component\shop\shopMystery.js] [39mShopMystery refresh shop:32 refresh ,player:100300000014326, doSelftrue
[2020-08-01 11:49:13.249] [INFO] pomelo - [32m[E:\zmxy\shangdao\Develop\Program\Trunk\Server\game-server\app\servers\game\handler\playerHandler.js] [39muid(100300000014326) create role success
[2020-08-01 11:49:13.269] [INFO] pomelo - [32m[E:\zmxy\shangdao\Develop\Program\Trunk\Server\game-server\app\servers\game\handler\loginHandler.js] [39mplayer login uid:100300000014326
[2020-08-01 11:49:13.273] [INFO] pomelo - [32m[E:\zmxy\shangdao\Develop\Program\Trunk\Server\game-server\app\servers\game\component\shop\shopMystery.js] [39mShopMystery refresh shop:21 refresh ,player:100300000014326, doSelftrue
[2020-08-01 11:49:13.273] [INFO] pomelo - [32m[E:\zmxy\shangdao\Develop\Program\Trunk\Server\game-server\app\servers\game\component\shop\shopMystery.js] [39mShopMystery refresh shop:21 not open ,player:100300000014326
[2020-08-01 11:49:13.273] [INFO] pomelo - [32m[E:\zmxy\shangdao\Develop\Program\Trunk\Server\game-server\app\servers\game\component\shop\shopMystery.js] [39mShopMystery refresh shop:31 refresh ,player:100300000014326, doSelftrue
[2020-08-01 11:49:13.274] [INFO] pomelo - [32m[E:\zmxy\shangdao\Develop\Program\Trunk\Server\game-server\app\servers\game\component\shop\shopMystery.js] [39mShopMystery refresh shop:31 not open ,player:100300000014326
[2020-08-01 11:49:13.274] [INFO] pomelo - [32m[E:\zmxy\shangdao\Develop\Program\Trunk\Server\game-server\app\servers\game\component\shop\shopMystery.js] [39mShopMystery refresh shop:32 refresh ,player:100300000014326, doSelftrue
[2020-08-01 11:49:13.274] [INFO] pomelo - [32m[E:\zmxy\shangdao\Develop\Program\Trunk\Server\game-server\app\servers\game\component\shop\shopMystery.js] [39mShopMystery refresh shop:21 refresh ,player:100300000014326, doSelftrue
[2020-08-01 11:49:13.274] [INFO] pomelo - [32m[E:\zmxy\shangdao\Develop\Program\Trunk\Server\game-server\app\servers\game\component\shop\shopMystery.js] [39mShopMystery refresh shop:21 not open ,player:100300000014326
[2020-08-01 11:49:13.274] [INFO] pomelo - [32m[E:\zmxy\shangdao\Develop\Program\Trunk\Server\game-server\app\servers\game\component\shop\shopMystery.js] [39mShopMystery refresh shop:31 refresh ,player:100300000014326, doSelftrue
[2020-08-01 11:49:13.275] [INFO] pomelo - [32m[E:\zmxy\shangdao\Develop\Program\Trunk\Server\game-server\app\servers\game\component\shop\shopMystery.js] [39mShopMystery refresh shop:31 not open ,player:100300000014326
[2020-08-01 11:49:13.275] [INFO] pomelo - [32m[E:\zmxy\shangdao\Develop\Program\Trunk\Server\game-server\app\servers\game\component\shop\shopMystery.js] [39mShopMystery refresh shop:32 refresh ,player:100300000014326, doSelftrue
[2020-08-01 11:49:14.643] [INFO] pomelo - [32m[E:\zmxy\shangdao\Develop\Program\Trunk\Server\game-server\app\servers\game\handler\fameHandler.js] [39mplayer:100300000014326 fameGetInfo isGetDaily:0 manifesto:姑娘别急，迟早有人举着戒指对你笑着说：一个五块，三个十块。
[2020-08-01 11:49:18.672] [INFO] pomelo - [32m[E:\zmxy\shangdao\Develop\Program\Trunk\Server\game-server\app\servers\game\component\card\cardComponent.js] [39mplayer:100300000014326 add new card:101
[2020-08-01 11:49:26.777] [INFO] pomelo - [32m[E:\zmxy\shangdao\Develop\Program\Trunk\Server\game-server\app\servers\game\component\shop\shopMystery.js] [39mShopMystery refresh shop:31 refresh ,player:100300000014326, doSelftrue
[2020-08-01 11:49:34.608] [INFO] pomelo - [32m[E:\zmxy\shangdao\Develop\Program\Trunk\Server\game-server\app\servers\game\remote\payRemote.js] [39mPay Remote pay orderId uid:100300000014326 orderId 6855857755479539713, amount 1, payId :2001, payWay :999, serialId:gm
[2020-08-01 11:49:34.608] [INFO] pomelo - [32m[E:\zmxy\shangdao\Develop\Program\Trunk\Server\game-server\app\servers\game\component\pay\payComponent.js] [39mPayComponent MongoPay query orderId:6855857755479539713
[2020-08-01 11:49:34.611] [INFO] pomelo - [32m[E:\zmxy\shangdao\Develop\Program\Trunk\Server\game-server\app\servers\game\component\pay\payComponent.js] [39mPayComponent payWay999 orderId:6855857755479539713, payId:2001, cfg.Type2
[2020-08-01 12:00:00.005] [INFO] pomelo - [32m[E:\zmxy\shangdao\Develop\Program\Trunk\Server\game-server\app\logic\service\timerService.js] [39mTimerService trigger timerId:11
[2020-08-01 12:00:00.005] [INFO] pomelo - [32m[E:\zmxy\shangdao\Develop\Program\Trunk\Server\game-server\app\servers\game\component\shop\shopMystery.js] [39mShopMystery refresh shop:21 refresh ,player:100300000014326, doSelftrue
[2020-08-01 12:00:00.005] [INFO] pomelo - [32m[E:\zmxy\shangdao\Develop\Program\Trunk\Server\game-server\app\servers\game\component\shop\shopMystery.js] [39mShopMystery refresh shop:21 not open ,player:100300000014326
[2020-08-01 12:00:00.006] [INFO] pomelo - [32m[E:\zmxy\shangdao\Develop\Program\Trunk\Server\game-server\app\servers\game\component\shop\shopMystery.js] [39mShopMystery refresh shop:31 refresh ,player:100300000014326, doSelftrue
[2020-08-01 12:00:00.006] [INFO] pomelo - [32m[E:\zmxy\shangdao\Develop\Program\Trunk\Server\game-server\app\servers\game\component\shop\shopMystery.js] [39mShopMystery refresh shop:32 refresh ,player:100300000014326, doSelftrue
[2020-08-01 12:19:30.805] [INFO] pomelo - [32m[E:\zmxy\shangdao\Develop\Program\Trunk\Server\game-server\app\logic\config\configService.js] [39mConfigService reload ErrorCode ok.
[2020-08-01 12:19:30.806] [INFO] pomelo - [32m[E:\zmxy\shangdao\Develop\Program\Trunk\Server\game-server\app\logic\config\configService.js] [39mConfigService reload ErrorCode ok.
[2020-08-01 12:19:32.265] [INFO] pomelo - [32m[E:\zmxy\shangdao\Develop\Program\Trunk\Server\game-server\app\logic\config\configService.js] [39mConfigService reload Checkpoint ok.
[2020-08-01 12:19:32.274] [INFO] pomelo - [32m[E:\zmxy\shangdao\Develop\Program\Trunk\Server\game-server\app\logic\config\configService.js] [39mConfigService reload Checkpoint ok.
[2020-08-01 12:19:32.275] [INFO] pomelo - [32m[E:\zmxy\shangdao\Develop\Program\Trunk\Server\game-server\app\logic\config\configService.js] [39mConfigService reload CardPosition ok.
[2020-08-01 12:19:32.277] [INFO] pomelo - [32m[E:\zmxy\shangdao\Develop\Program\Trunk\Server\game-server\app\logic\config\configService.js] [39mConfigService reload CardPosition ok.
[2020-08-01 12:19:33.087] [INFO] pomelo - [32m[E:\zmxy\shangdao\Develop\Program\Trunk\Server\game-server\app\logic\config\configService.js] [39mConfigService reload Task ok.
[2020-08-01 12:19:33.088] [INFO] pomelo - [32m[E:\zmxy\shangdao\Develop\Program\Trunk\Server\game-server\app\logic\config\configService.js] [39mConfigService reload Task ok.
[2020-08-01 12:19:33.089] [INFO] pomelo - [32m[E:\zmxy\shangdao\Develop\Program\Trunk\Server\game-server\app\logic\config\configService.js] [39mConfigService reload LeagueBuildProgress ok.
[2020-08-01 12:19:33.091] [INFO] pomelo - [32m[E:\zmxy\shangdao\Develop\Program\Trunk\Server\game-server\app\logic\config\configService.js] [39mConfigService reload LeagueBuildProgress ok.
[2020-08-01 12:19:33.091] [INFO] pomelo - [32m[E:\zmxy\shangdao\Develop\Program\Trunk\Server\game-server\app\logic\config\configService.js] [39mConfigService reload TextCaptions ok.
[2020-08-01 12:19:33.092] [INFO] pomelo - [32m[E:\zmxy\shangdao\Develop\Program\Trunk\Server\game-server\app\logic\config\configService.js] [39mConfigService reload TextCaptions ok.
[2020-08-01 12:19:33.124] [INFO] pomelo - [32m[E:\zmxy\shangdao\Develop\Program\Trunk\Server\game-server\app\logic\config\configService.js] [39mConfigService reload [DropOne] after [DropTwo].
[2020-08-01 12:19:33.207] [INFO] pomelo - [32m[E:\zmxy\shangdao\Develop\Program\Trunk\Server\game-server\app\logic\config\configService.js] [39mConfigService reload DropOne ok.
[2020-08-01 12:19:33.207] [INFO] pomelo - [32m[E:\zmxy\shangdao\Develop\Program\Trunk\Server\game-server\app\logic\config\configService.js] [39mConfigService reload DropTwo ok.
[2020-08-01 12:19:33.208] [INFO] pomelo - [32m[E:\zmxy\shangdao\Develop\Program\Trunk\Server\game-server\app\logic\config\configService.js] [39mConfigService reload [DropOne] after [DropTwo].
[2020-08-01 12:19:33.210] [INFO] pomelo - [32m[E:\zmxy\shangdao\Develop\Program\Trunk\Server\game-server\app\logic\config\configService.js] [39mConfigService reload DropOne ok.
[2020-08-01 12:19:33.210] [INFO] pomelo - [32m[E:\zmxy\shangdao\Develop\Program\Trunk\Server\game-server\app\logic\config\configService.js] [39mConfigService reload DropTwo ok.
[2020-08-01 12:19:33.423] [INFO] pomelo - [32m[E:\zmxy\shangdao\Develop\Program\Trunk\Server\game-server\app\logic\config\configService.js] [39mConfigService reload FriendshipReward ok.
[2020-08-01 12:19:33.427] [INFO] pomelo - [32m[E:\zmxy\shangdao\Develop\Program\Trunk\Server\game-server\app\logic\config\configService.js] [39mConfigService reload FriendshipReward ok.
[2020-08-01 12:19:33.634] [INFO] pomelo - [32m[E:\zmxy\shangdao\Develop\Program\Trunk\Server\game-server\app\logic\config\configService.js] [39mConfigService reload Shop ok.
[2020-08-01 12:19:33.643] [INFO] pomelo - [32m[E:\zmxy\shangdao\Develop\Program\Trunk\Server\game-server\app\logic\config\configService.js] [39mConfigService reload Shop ok.
[2020-08-01 12:19:33.645] [INFO] pomelo - [32m[E:\zmxy\shangdao\Develop\Program\Trunk\Server\game-server\app\logic\config\configService.js] [39mConfigService reload Shop ok.
[2020-08-01 12:19:33.647] [INFO] pomelo - [32m[E:\zmxy\shangdao\Develop\Program\Trunk\Server\game-server\app\logic\config\configService.js] [39mConfigService reload Shop ok.
[2020-08-01 12:19:33.828] [INFO] pomelo - [32m[E:\zmxy\shangdao\Develop\Program\Trunk\Server\game-server\app\logic\config\configService.js] [39mConfigService reload Prestige ok.
[2020-08-01 12:19:33.830] [INFO] pomelo - [32m[E:\zmxy\shangdao\Develop\Program\Trunk\Server\game-server\app\logic\config\configService.js] [39mConfigService reload Prestige ok.
[2020-08-01 12:19:33.880] [INFO] pomelo - [32m[E:\zmxy\shangdao\Develop\Program\Trunk\Server\game-server\app\logic\config\configService.js] [39mConfigService reload Item ok.
[2020-08-01 12:19:33.884] [INFO] pomelo - [32m[E:\zmxy\shangdao\Develop\Program\Trunk\Server\game-server\app\logic\config\configService.js] [39mConfigService reload Item ok.
[2020-08-01 13:32:21.377] [INFO] pomelo - [32m[E:\zmxy\shangdao\Develop\Program\Trunk\Server\game-server\app\servers\game\handler\loginHandler.js] [39mplayer login uid:100300000014326
[2020-08-01 13:32:21.384] [INFO] pomelo - [32m[E:\zmxy\shangdao\Develop\Program\Trunk\Server\game-server\app\servers\game\component\shop\shopMystery.js] [39mShopMystery refresh shop:21 refresh ,player:100300000014326, doSelftrue
[2020-08-01 13:32:21.385] [INFO] pomelo - [32m[E:\zmxy\shangdao\Develop\Program\Trunk\Server\game-server\app\servers\game\component\shop\shopMystery.js] [39mShopMystery refresh shop:21 not open ,player:100300000014326
[2020-08-01 13:32:21.385] [INFO] pomelo - [32m[E:\zmxy\shangdao\Develop\Program\Trunk\Server\game-server\app\servers\game\component\shop\shopMystery.js] [39mShopMystery refresh shop:31 refresh ,player:100300000014326, doSelftrue
[2020-08-01 13:32:21.385] [INFO] pomelo - [32m[E:\zmxy\shangdao\Develop\Program\Trunk\Server\game-server\app\servers\game\component\shop\shopMystery.js] [39mShopMystery refresh shop:32 refresh ,player:100300000014326, doSelftrue
[2020-08-01 13:32:23.243] [INFO] pomelo - [32m[E:\zmxy\shangdao\Develop\Program\Trunk\Server\game-server\app\servers\game\handler\fameHandler.js] [39mplayer:100300000014326 fameGetInfo isGetDaily:0 manifesto:姑娘别急，迟早有人举着戒指对你笑着说：一个五块，三个十块。
[2020-08-01 13:32:31.389] [INFO] pomelo - [32m[E:\zmxy\shangdao\Develop\Program\Trunk\Server\game-server\app\servers\game\remote\payRemote.js] [39mPay Remote pay orderId uid:100300000014326 orderId 6855884281197559809, amount 3, payId :2002, payWay :999, serialId:gm
[2020-08-01 13:32:31.390] [INFO] pomelo - [32m[E:\zmxy\shangdao\Develop\Program\Trunk\Server\game-server\app\servers\game\component\pay\payComponent.js] [39mPayComponent MongoPay query orderId:6855884281197559809
[2020-08-01 13:32:31.393] [INFO] pomelo - [32m[E:\zmxy\shangdao\Develop\Program\Trunk\Server\game-server\app\servers\game\component\pay\payComponent.js] [39mPayComponent payWay999 orderId:6855884281197559809, payId:2002, cfg.Type2
[2020-08-01 13:41:31.475] [INFO] pomelo - [32m[E:\zmxy\shangdao\Develop\Program\Trunk\Server\game-server\app\servers\game\handler\loginHandler.js] [39mplayer login uid:100300000014326
[2020-08-01 13:41:31.478] [INFO] pomelo - [32m[E:\zmxy\shangdao\Develop\Program\Trunk\Server\game-server\app\servers\game\component\shop\shopMystery.js] [39mShopMystery refresh shop:21 refresh ,player:100300000014326, doSelftrue
[2020-08-01 13:41:31.479] [INFO] pomelo - [32m[E:\zmxy\shangdao\Develop\Program\Trunk\Server\game-server\app\servers\game\component\shop\shopMystery.js] [39mShopMystery refresh shop:21 not open ,player:100300000014326
[2020-08-01 13:41:31.479] [INFO] pomelo - [32m[E:\zmxy\shangdao\Develop\Program\Trunk\Server\game-server\app\servers\game\component\shop\shopMystery.js] [39mShopMystery refresh shop:31 refresh ,player:100300000014326, doSelftrue
[2020-08-01 13:41:31.480] [INFO] pomelo - [32m[E:\zmxy\shangdao\Develop\Program\Trunk\Server\game-server\app\servers\game\component\shop\shopMystery.js] [39mShopMystery refresh shop:32 refresh ,player:100300000014326, doSelftrue
[2020-08-01 13:41:32.887] [INFO] pomelo - [32m[E:\zmxy\shangdao\Develop\Program\Trunk\Server\game-server\app\servers\game\handler\fameHandler.js] [39mplayer:100300000014326 fameGetInfo isGetDaily:0 manifesto:姑娘别急，迟早有人举着戒指对你笑着说：一个五块，三个十块。
[2020-08-01 13:41:37.031] [INFO] pomelo - [32m[E:\zmxy\shangdao\Develop\Program\Trunk\Server\game-server\app\servers\game\remote\payRemote.js] [39mPay Remote pay orderId uid:100300000014326 orderId 6855886630544670721, amount 8, payId :2003, payWay :999, serialId:gm
[2020-08-01 13:41:37.032] [INFO] pomelo - [32m[E:\zmxy\shangdao\Develop\Program\Trunk\Server\game-server\app\servers\game\component\pay\payComponent.js] [39mPayComponent MongoPay query orderId:6855886630544670721
[2020-08-01 13:41:37.035] [INFO] pomelo - [32m[E:\zmxy\shangdao\Develop\Program\Trunk\Server\game-server\app\servers\game\component\pay\payComponent.js] [39mPayComponent payWay999 orderId:6855886630544670721, payId:2003, cfg.Type2
[2020-08-01 13:41:37.036] [INFO] pomelo - [32m[E:\zmxy\shangdao\Develop\Program\Trunk\Server\game-server\app\servers\game\component\roleBase\roleBaseComponent.js] [39mRoleBaseComponent vipChanged oldVip:0, newVip:1, num:40
[2020-08-01 13:52:23.533] [INFO] pomelo - [32m[E:\zmxy\shangdao\Develop\Program\Trunk\Server\game-server\app\servers\game\service\player\playerService.js] [39mplayerService player:100300000014326 leave server, delete form players
[2020-08-01 13:53:25.505] [INFO] pomelo - [32m[E:\zmxy\shangdao\Develop\Program\Trunk\Server\game-server\app\servers\game\handler\loginHandler.js] [39mplayer login uid:100300000014329
[2020-08-01 13:53:25.509] [INFO] pomelo - [32m[E:\zmxy\shangdao\Develop\Program\Trunk\Server\game-server\app\servers\game\handler\loginHandler.js] [39mlogin : uid(100300000014329) no exist, need to create role
[2020-08-01 13:53:25.512] [WARN] pomelo - [33m[E:\zmxy\shangdao\Develop\Program\Trunk\Server\game-server\app\filter\errCodeFilter.js] [39m
	产生协议ErrorCode [3001], 枚举：ERR_LOGIN_NO_ROLE, 信息：没有角色, 路由：game.loginHandler.login
[2020-08-01 13:53:36.502] [INFO] pomelo - [32m[E:\zmxy\shangdao\Develop\Program\Trunk\Server\game-server\app\servers\game\service\player\player.js] [39mplayer 100300000014329 load account data ok
[2020-08-01 13:53:36.504] [WARN] pomelo - [33m[E:\zmxy\shangdao\Develop\Program\Trunk\Server\game-server\node_modules\pomelo\lib\common\service\channelService.js] [39mignore uid 100300000014329 for sid not specified.
[2020-08-01 13:53:36.504] [WARN] pomelo - [33m[E:\zmxy\shangdao\Develop\Program\Trunk\Server\game-server\node_modules\pomelo\lib\common\service\channelService.js] [39mignore uid 100300000014329 for sid not specified.
[2020-08-01 13:53:36.505] [WARN] pomelo - [33m[E:\zmxy\shangdao\Develop\Program\Trunk\Server\game-server\node_modules\pomelo\lib\common\service\channelService.js] [39mignore uid 100300000014329 for sid not specified.
[2020-08-01 13:53:36.507] [INFO] pomelo - [32m[E:\zmxy\shangdao\Develop\Program\Trunk\Server\game-server\app\servers\game\component\shop\shopMystery.js] [39mShopMystery refresh shop:32 refresh ,player:100300000014329, doSelftrue
[2020-08-01 13:53:36.508] [WARN] pomelo - [33m[E:\zmxy\shangdao\Develop\Program\Trunk\Server\game-server\node_modules\pomelo\lib\common\service\channelService.js] [39mignore uid 100300000014329 for sid not specified.
[2020-08-01 13:53:36.510] [INFO] pomelo - [32m[E:\zmxy\shangdao\Develop\Program\Trunk\Server\game-server\app\servers\game\component\card\cardComponent.js] [39mCardComponent onLogin
[2020-08-01 13:53:36.511] [INFO] pomelo - [32m[E:\zmxy\shangdao\Develop\Program\Trunk\Server\game-server\app\servers\game\component\car\carComponent.js] [39mCarComponent onLogin
[2020-08-01 13:53:36.519] [INFO] pomelo - [32m[E:\zmxy\shangdao\Develop\Program\Trunk\Server\game-server\app\servers\game\component\shop\shopMystery.js] [39mShopMystery refresh shop:21 refresh ,player:100300000014329, doSelftrue
[2020-08-01 13:53:36.520] [INFO] pomelo - [32m[E:\zmxy\shangdao\Develop\Program\Trunk\Server\game-server\app\servers\game\component\shop\shopMystery.js] [39mShopMystery refresh shop:21 not open ,player:100300000014329
[2020-08-01 13:53:36.520] [INFO] pomelo - [32m[E:\zmxy\shangdao\Develop\Program\Trunk\Server\game-server\app\servers\game\component\shop\shopMystery.js] [39mShopMystery refresh shop:31 refresh ,player:100300000014329, doSelftrue
[2020-08-01 13:53:36.520] [INFO] pomelo - [32m[E:\zmxy\shangdao\Develop\Program\Trunk\Server\game-server\app\servers\game\component\shop\shopMystery.js] [39mShopMystery refresh shop:31 not open ,player:100300000014329
[2020-08-01 13:53:36.520] [INFO] pomelo - [32m[E:\zmxy\shangdao\Develop\Program\Trunk\Server\game-server\app\servers\game\component\shop\shopMystery.js] [39mShopMystery refresh shop:32 refresh ,player:100300000014329, doSelftrue
[2020-08-01 13:53:36.524] [INFO] pomelo - [32m[E:\zmxy\shangdao\Develop\Program\Trunk\Server\game-server\app\servers\game\handler\playerHandler.js] [39muid(100300000014329) create role success
[2020-08-01 13:53:36.543] [INFO] pomelo - [32m[E:\zmxy\shangdao\Develop\Program\Trunk\Server\game-server\app\servers\game\handler\loginHandler.js] [39mplayer login uid:100300000014329
[2020-08-01 13:53:36.545] [INFO] pomelo - [32m[E:\zmxy\shangdao\Develop\Program\Trunk\Server\game-server\app\servers\game\component\shop\shopMystery.js] [39mShopMystery refresh shop:21 refresh ,player:100300000014329, doSelftrue
[2020-08-01 13:53:36.545] [INFO] pomelo - [32m[E:\zmxy\shangdao\Develop\Program\Trunk\Server\game-server\app\servers\game\component\shop\shopMystery.js] [39mShopMystery refresh shop:21 not open ,player:100300000014329
[2020-08-01 13:53:36.545] [INFO] pomelo - [32m[E:\zmxy\shangdao\Develop\Program\Trunk\Server\game-server\app\servers\game\component\shop\shopMystery.js] [39mShopMystery refresh shop:31 refresh ,player:100300000014329, doSelftrue
[2020-08-01 13:53:36.546] [INFO] pomelo - [32m[E:\zmxy\shangdao\Develop\Program\Trunk\Server\game-server\app\servers\game\component\shop\shopMystery.js] [39mShopMystery refresh shop:31 not open ,player:100300000014329
[2020-08-01 13:53:36.546] [INFO] pomelo - [32m[E:\zmxy\shangdao\Develop\Program\Trunk\Server\game-server\app\servers\game\component\shop\shopMystery.js] [39mShopMystery refresh shop:32 refresh ,player:100300000014329, doSelftrue
[2020-08-01 13:53:37.826] [INFO] pomelo - [32m[E:\zmxy\shangdao\Develop\Program\Trunk\Server\game-server\app\servers\game\handler\fameHandler.js] [39mplayer:100300000014329 fameGetInfo isGetDaily:0 manifesto:我问我爸有多爱我？我爸说：以前为了让你改正错误，特地请了半天假回来打你！
[2020-08-01 13:53:56.092] [INFO] pomelo - [32m[E:\zmxy\shangdao\Develop\Program\Trunk\Server\game-server\app\servers\game\component\card\cardComponent.js] [39mplayer:100300000014329 add new card:101
[2020-08-01 13:54:03.999] [INFO] pomelo - [32m[E:\zmxy\shangdao\Develop\Program\Trunk\Server\game-server\app\servers\game\component\shop\shopMystery.js] [39mShopMystery refresh shop:31 refresh ,player:100300000014329, doSelftrue
[2020-08-01 13:54:23.897] [INFO] pomelo - [32m[E:\zmxy\shangdao\Develop\Program\Trunk\Server\game-server\app\servers\game\remote\payRemote.js] [39mPay Remote pay orderId uid:100300000014329 orderId 6855889920489619457, amount 1, payId :2001, payWay :999, serialId:gm
[2020-08-01 13:54:23.898] [INFO] pomelo - [32m[E:\zmxy\shangdao\Develop\Program\Trunk\Server\game-server\app\servers\game\component\pay\payComponent.js] [39mPayComponent MongoPay query orderId:6855889920489619457
[2020-08-01 13:54:23.899] [INFO] pomelo - [32m[E:\zmxy\shangdao\Develop\Program\Trunk\Server\game-server\app\servers\game\component\pay\payComponent.js] [39mPayComponent payWay999 orderId:6855889920489619457, payId:2001, cfg.Type2
[2020-08-01 13:54:25.864] [INFO] pomelo - [32m[E:\zmxy\shangdao\Develop\Program\Trunk\Server\game-server\app\servers\game\remote\payRemote.js] [39mPay Remote pay orderId uid:100300000014329 orderId 6855889929079554049, amount 3, payId :2002, payWay :999, serialId:gm
[2020-08-01 13:54:25.865] [INFO] pomelo - [32m[E:\zmxy\shangdao\Develop\Program\Trunk\Server\game-server\app\servers\game\component\pay\payComponent.js] [39mPayComponent MongoPay query orderId:6855889929079554049
[2020-08-01 13:54:25.867] [INFO] pomelo - [32m[E:\zmxy\shangdao\Develop\Program\Trunk\Server\game-server\app\servers\game\component\pay\payComponent.js] [39mPayComponent payWay999 orderId:6855889929079554049, payId:2002, cfg.Type2
[2020-08-01 13:54:27.768] [INFO] pomelo - [32m[E:\zmxy\shangdao\Develop\Program\Trunk\Server\game-server\app\servers\game\remote\payRemote.js] [39mPay Remote pay orderId uid:100300000014329 orderId 6855889937669488641, amount 8, payId :2003, payWay :999, serialId:gm
[2020-08-01 13:54:27.769] [INFO] pomelo - [32m[E:\zmxy\shangdao\Develop\Program\Trunk\Server\game-server\app\servers\game\component\pay\payComponent.js] [39mPayComponent MongoPay query orderId:6855889937669488641
[2020-08-01 13:54:27.774] [INFO] pomelo - [32m[E:\zmxy\shangdao\Develop\Program\Trunk\Server\game-server\app\servers\game\component\pay\payComponent.js] [39mPayComponent payWay999 orderId:6855889937669488641, payId:2003, cfg.Type2
[2020-08-01 13:54:27.777] [INFO] pomelo - [32m[E:\zmxy\shangdao\Develop\Program\Trunk\Server\game-server\app\servers\game\component\roleBase\roleBaseComponent.js] [39mRoleBaseComponent vipChanged oldVip:0, newVip:1, num:40
[2020-08-01 13:58:18.486] [INFO] pomelo - [32m[E:\zmxy\shangdao\Develop\Program\Trunk\Server\game-server\app\servers\game\handler\loginHandler.js] [39mplayer login uid:100300000014329
[2020-08-01 13:58:18.491] [INFO] pomelo - [32m[E:\zmxy\shangdao\Develop\Program\Trunk\Server\game-server\app\servers\game\component\shop\shopMystery.js] [39mShopMystery refresh shop:21 refresh ,player:100300000014329, doSelftrue
[2020-08-01 13:58:18.491] [INFO] pomelo - [32m[E:\zmxy\shangdao\Develop\Program\Trunk\Server\game-server\app\servers\game\component\shop\shopMystery.js] [39mShopMystery refresh shop:21 not open ,player:100300000014329
[2020-08-01 13:58:18.491] [INFO] pomelo - [32m[E:\zmxy\shangdao\Develop\Program\Trunk\Server\game-server\app\servers\game\component\shop\shopMystery.js] [39mShopMystery refresh shop:31 refresh ,player:100300000014329, doSelftrue
[2020-08-01 13:58:18.491] [INFO] pomelo - [32m[E:\zmxy\shangdao\Develop\Program\Trunk\Server\game-server\app\servers\game\component\shop\shopMystery.js] [39mShopMystery refresh shop:32 refresh ,player:100300000014329, doSelftrue
[2020-08-01 13:58:19.905] [INFO] pomelo - [32m[E:\zmxy\shangdao\Develop\Program\Trunk\Server\game-server\app\servers\game\handler\fameHandler.js] [39mplayer:100300000014329 fameGetInfo isGetDaily:0 manifesto:我问我爸有多爱我？我爸说：以前为了让你改正错误，特地请了半天假回来打你！
